   File: 'D:\wxtam\svn\42x\4.2.x_integration\GTAS\HelpMaker\web\gtas_ug\gtas_ug\1\1.1.htm'
    URL: 'gtas_ug/1/1.1.htm'
   File: 'D:\wxtam\svn\42x\4.2.x_integration\GTAS\HelpMaker\web\gtas_ug\gtas_ug\1\1.htm'
    URL: 'gtas_ug/1/1.htm'
   File: 'D:\wxtam\svn\42x\4.2.x_integration\GTAS\HelpMaker\web\gtas_ug\gtas_ug\2\2.htm'
    URL: 'gtas_ug/2/2.htm'
   File: 'D:\wxtam\svn\42x\4.2.x_integration\GTAS\HelpMaker\web\gtas_ug\gtas_ug\3\3.1.htm'
    URL: 'gtas_ug/3/3.1.htm'
   File: 'D:\wxtam\svn\42x\4.2.x_integration\GTAS\HelpMaker\web\gtas_ug\gtas_ug\3\3.2.htm'
    URL: 'gtas_ug/3/3.2.htm'
   File: 'D:\wxtam\svn\42x\4.2.x_integration\GTAS\HelpMaker\web\gtas_ug\gtas_ug\3\3.3.htm'
    URL: 'gtas_ug/3/3.3.htm'
   File: 'D:\wxtam\svn\42x\4.2.x_integration\GTAS\HelpMaker\web\gtas_ug\gtas_ug\3\3.4.htm'
    URL: 'gtas_ug/3/3.4.htm'
   File: 'D:\wxtam\svn\42x\4.2.x_integration\GTAS\HelpMaker\web\gtas_ug\gtas_ug\3\3.5.htm'
    URL: 'gtas_ug/3/3.5.htm'
   File: 'D:\wxtam\svn\42x\4.2.x_integration\GTAS\HelpMaker\web\gtas_ug\gtas_ug\3\3.6.1.htm'
    URL: 'gtas_ug/3/3.6.1.htm'
   File: 'D:\wxtam\svn\42x\4.2.x_integration\GTAS\HelpMaker\web\gtas_ug\gtas_ug\3\3.6.2.htm'
    URL: 'gtas_ug/3/3.6.2.htm'
   File: 'D:\wxtam\svn\42x\4.2.x_integration\GTAS\HelpMaker\web\gtas_ug\gtas_ug\3\3.6.3.htm'
    URL: 'gtas_ug/3/3.6.3.htm'
   File: 'D:\wxtam\svn\42x\4.2.x_integration\GTAS\HelpMaker\web\gtas_ug\gtas_ug\3\3.6.4.htm'
    URL: 'gtas_ug/3/3.6.4.htm'
   File: 'D:\wxtam\svn\42x\4.2.x_integration\GTAS\HelpMaker\web\gtas_ug\gtas_ug\3\3.6.5.htm'
    URL: 'gtas_ug/3/3.6.5.htm'
   File: 'D:\wxtam\svn\42x\4.2.x_integration\GTAS\HelpMaker\web\gtas_ug\gtas_ug\3\3.6.6.htm'
    URL: 'gtas_ug/3/3.6.6.htm'
   File: 'D:\wxtam\svn\42x\4.2.x_integration\GTAS\HelpMaker\web\gtas_ug\gtas_ug\3\3.6.htm'
    URL: 'gtas_ug/3/3.6.htm'
   File: 'D:\wxtam\svn\42x\4.2.x_integration\GTAS\HelpMaker\web\gtas_ug\gtas_ug\3\3.htm'
    URL: 'gtas_ug/3/3.htm'
   File: 'D:\wxtam\svn\42x\4.2.x_integration\GTAS\HelpMaker\web\gtas_ug\gtas_ug\4\4.1.1.htm'
    URL: 'gtas_ug/4/4.1.1.htm'
   File: 'D:\wxtam\svn\42x\4.2.x_integration\GTAS\HelpMaker\web\gtas_ug\gtas_ug\4\4.1.htm'
    URL: 'gtas_ug/4/4.1.htm'
   File: 'D:\wxtam\svn\42x\4.2.x_integration\GTAS\HelpMaker\web\gtas_ug\gtas_ug\4\4.2.1.htm'
    URL: 'gtas_ug/4/4.2.1.htm'
   File: 'D:\wxtam\svn\42x\4.2.x_integration\GTAS\HelpMaker\web\gtas_ug\gtas_ug\4\4.2.2.htm'
    URL: 'gtas_ug/4/4.2.2.htm'
   File: 'D:\wxtam\svn\42x\4.2.x_integration\GTAS\HelpMaker\web\gtas_ug\gtas_ug\4\4.2.3.htm'
    URL: 'gtas_ug/4/4.2.3.htm'
   File: 'D:\wxtam\svn\42x\4.2.x_integration\GTAS\HelpMaker\web\gtas_ug\gtas_ug\4\4.2.4.htm'
    URL: 'gtas_ug/4/4.2.4.htm'
   File: 'D:\wxtam\svn\42x\4.2.x_integration\GTAS\HelpMaker\web\gtas_ug\gtas_ug\4\4.2.htm'
    URL: 'gtas_ug/4/4.2.htm'
   File: 'D:\wxtam\svn\42x\4.2.x_integration\GTAS\HelpMaker\web\gtas_ug\gtas_ug\4\4.htm'
    URL: 'gtas_ug/4/4.htm'
   File: 'D:\wxtam\svn\42x\4.2.x_integration\GTAS\HelpMaker\web\gtas_ug\gtas_ug\5\5.1.1.htm'
    URL: 'gtas_ug/5/5.1.1.htm'
   File: 'D:\wxtam\svn\42x\4.2.x_integration\GTAS\HelpMaker\web\gtas_ug\gtas_ug\5\5.1.htm'
    URL: 'gtas_ug/5/5.1.htm'
   File: 'D:\wxtam\svn\42x\4.2.x_integration\GTAS\HelpMaker\web\gtas_ug\gtas_ug\5\5.2.1.htm'
    URL: 'gtas_ug/5/5.2.1.htm'
   File: 'D:\wxtam\svn\42x\4.2.x_integration\GTAS\HelpMaker\web\gtas_ug\gtas_ug\5\5.2.htm'
    URL: 'gtas_ug/5/5.2.htm'
   File: 'D:\wxtam\svn\42x\4.2.x_integration\GTAS\HelpMaker\web\gtas_ug\gtas_ug\5\5.3.1.htm'
    URL: 'gtas_ug/5/5.3.1.htm'
   File: 'D:\wxtam\svn\42x\4.2.x_integration\GTAS\HelpMaker\web\gtas_ug\gtas_ug\5\5.3.htm'
    URL: 'gtas_ug/5/5.3.htm'
   File: 'D:\wxtam\svn\42x\4.2.x_integration\GTAS\HelpMaker\web\gtas_ug\gtas_ug\5\5.htm'
    URL: 'gtas_ug/5/5.htm'
   File: 'D:\wxtam\svn\42x\4.2.x_integration\GTAS\HelpMaker\web\gtas_ug\gtas_ug\6\6.1.1.htm'
    URL: 'gtas_ug/6/6.1.1.htm'
   File: 'D:\wxtam\svn\42x\4.2.x_integration\GTAS\HelpMaker\web\gtas_ug\gtas_ug\6\6.1.2.htm'
    URL: 'gtas_ug/6/6.1.2.htm'
   File: 'D:\wxtam\svn\42x\4.2.x_integration\GTAS\HelpMaker\web\gtas_ug\gtas_ug\6\6.1.3.htm'
    URL: 'gtas_ug/6/6.1.3.htm'
   File: 'D:\wxtam\svn\42x\4.2.x_integration\GTAS\HelpMaker\web\gtas_ug\gtas_ug\6\6.1.4.htm'
    URL: 'gtas_ug/6/6.1.4.htm'
   File: 'D:\wxtam\svn\42x\4.2.x_integration\GTAS\HelpMaker\web\gtas_ug\gtas_ug\6\6.1.5.htm'
    URL: 'gtas_ug/6/6.1.5.htm'
   File: 'D:\wxtam\svn\42x\4.2.x_integration\GTAS\HelpMaker\web\gtas_ug\gtas_ug\6\6.1.htm'
    URL: 'gtas_ug/6/6.1.htm'
   File: 'D:\wxtam\svn\42x\4.2.x_integration\GTAS\HelpMaker\web\gtas_ug\gtas_ug\6\6.2.1.htm'
    URL: 'gtas_ug/6/6.2.1.htm'
   File: 'D:\wxtam\svn\42x\4.2.x_integration\GTAS\HelpMaker\web\gtas_ug\gtas_ug\6\6.2.2.htm'
    URL: 'gtas_ug/6/6.2.2.htm'
   File: 'D:\wxtam\svn\42x\4.2.x_integration\GTAS\HelpMaker\web\gtas_ug\gtas_ug\6\6.2.htm'
    URL: 'gtas_ug/6/6.2.htm'
   File: 'D:\wxtam\svn\42x\4.2.x_integration\GTAS\HelpMaker\web\gtas_ug\gtas_ug\6\6.3.1.htm'
    URL: 'gtas_ug/6/6.3.1.htm'
   File: 'D:\wxtam\svn\42x\4.2.x_integration\GTAS\HelpMaker\web\gtas_ug\gtas_ug\6\6.3.2.htm'
    URL: 'gtas_ug/6/6.3.2.htm'
   File: 'D:\wxtam\svn\42x\4.2.x_integration\GTAS\HelpMaker\web\gtas_ug\gtas_ug\6\6.3.htm'
    URL: 'gtas_ug/6/6.3.htm'
   File: 'D:\wxtam\svn\42x\4.2.x_integration\GTAS\HelpMaker\web\gtas_ug\gtas_ug\6\6.4.1.htm'
    URL: 'gtas_ug/6/6.4.1.htm'
   File: 'D:\wxtam\svn\42x\4.2.x_integration\GTAS\HelpMaker\web\gtas_ug\gtas_ug\6\6.4.htm'
    URL: 'gtas_ug/6/6.4.htm'
   File: 'D:\wxtam\svn\42x\4.2.x_integration\GTAS\HelpMaker\web\gtas_ug\gtas_ug\6\6.5.1.htm'
    URL: 'gtas_ug/6/6.5.1.htm'
   File: 'D:\wxtam\svn\42x\4.2.x_integration\GTAS\HelpMaker\web\gtas_ug\gtas_ug\6\6.5.2.htm'
    URL: 'gtas_ug/6/6.5.2.htm'
   File: 'D:\wxtam\svn\42x\4.2.x_integration\GTAS\HelpMaker\web\gtas_ug\gtas_ug\6\6.5.htm'
    URL: 'gtas_ug/6/6.5.htm'
   File: 'D:\wxtam\svn\42x\4.2.x_integration\GTAS\HelpMaker\web\gtas_ug\gtas_ug\6\6.htm'
    URL: 'gtas_ug/6/6.htm'
   File: 'D:\wxtam\svn\42x\4.2.x_integration\GTAS\HelpMaker\web\gtas_ug\gtas_ug\7\7.1.1.htm'
    URL: 'gtas_ug/7/7.1.1.htm'
   File: 'D:\wxtam\svn\42x\4.2.x_integration\GTAS\HelpMaker\web\gtas_ug\gtas_ug\7\7.1.2.htm'
    URL: 'gtas_ug/7/7.1.2.htm'
   File: 'D:\wxtam\svn\42x\4.2.x_integration\GTAS\HelpMaker\web\gtas_ug\gtas_ug\7\7.1.htm'
    URL: 'gtas_ug/7/7.1.htm'
   File: 'D:\wxtam\svn\42x\4.2.x_integration\GTAS\HelpMaker\web\gtas_ug\gtas_ug\7\7.2.1.htm'
    URL: 'gtas_ug/7/7.2.1.htm'
   File: 'D:\wxtam\svn\42x\4.2.x_integration\GTAS\HelpMaker\web\gtas_ug\gtas_ug\7\7.2.htm'
    URL: 'gtas_ug/7/7.2.htm'
   File: 'D:\wxtam\svn\42x\4.2.x_integration\GTAS\HelpMaker\web\gtas_ug\gtas_ug\7\7.htm'
    URL: 'gtas_ug/7/7.htm'
   File: 'D:\wxtam\svn\42x\4.2.x_integration\GTAS\HelpMaker\web\gtas_ug\gtas_ug\gridnode.css'
    URL: 'gtas_ug/gridnode.css'
   File: 'D:\wxtam\svn\42x\4.2.x_integration\GTAS\HelpMaker\web\gtas_ug\gtas_ug\images\image001.jpg'
    URL: 'gtas_ug/images/image001.jpg'
   File: 'D:\wxtam\svn\42x\4.2.x_integration\GTAS\HelpMaker\web\gtas_ug\gtas_ug\images\image002.gif'
    URL: 'gtas_ug/images/image002.gif'
   File: 'D:\wxtam\svn\42x\4.2.x_integration\GTAS\HelpMaker\web\gtas_ug\gtas_ug\images\image003.gif'
    URL: 'gtas_ug/images/image003.gif'
   File: 'D:\wxtam\svn\42x\4.2.x_integration\GTAS\HelpMaker\web\gtas_ug\gtas_ug\images\image004.gif'
    URL: 'gtas_ug/images/image004.gif'
   File: 'D:\wxtam\svn\42x\4.2.x_integration\GTAS\HelpMaker\web\gtas_ug\gtas_ug\images\image005.gif'
    URL: 'gtas_ug/images/image005.gif'
   File: 'D:\wxtam\svn\42x\4.2.x_integration\GTAS\HelpMaker\web\gtas_ug\gtas_ug\images\image006.gif'
    URL: 'gtas_ug/images/image006.gif'
   File: 'D:\wxtam\svn\42x\4.2.x_integration\GTAS\HelpMaker\web\gtas_ug\gtas_ug\images\image007.gif'
    URL: 'gtas_ug/images/image007.gif'
   File: 'D:\wxtam\svn\42x\4.2.x_integration\GTAS\HelpMaker\web\gtas_ug\gtas_ug\images\image008.gif'
    URL: 'gtas_ug/images/image008.gif'
   File: 'D:\wxtam\svn\42x\4.2.x_integration\GTAS\HelpMaker\web\gtas_ug\gtas_ug\images\image009.gif'
    URL: 'gtas_ug/images/image009.gif'
   File: 'D:\wxtam\svn\42x\4.2.x_integration\GTAS\HelpMaker\web\gtas_ug\gtas_ug\images\image010.gif'
    URL: 'gtas_ug/images/image010.gif'
   File: 'D:\wxtam\svn\42x\4.2.x_integration\GTAS\HelpMaker\web\gtas_ug\gtas_ug\images\image011.jpg'
    URL: 'gtas_ug/images/image011.jpg'
   File: 'D:\wxtam\svn\42x\4.2.x_integration\GTAS\HelpMaker\web\gtas_ug\gtas_ug\images\image012.jpg'
    URL: 'gtas_ug/images/image012.jpg'
   File: 'D:\wxtam\svn\42x\4.2.x_integration\GTAS\HelpMaker\web\gtas_ug\gtas_ug\images\image013.jpg'
    URL: 'gtas_ug/images/image013.jpg'
   File: 'D:\wxtam\svn\42x\4.2.x_integration\GTAS\HelpMaker\web\gtas_ug\gtas_ug\images\image014.jpg'
    URL: 'gtas_ug/images/image014.jpg'
   File: 'D:\wxtam\svn\42x\4.2.x_integration\GTAS\HelpMaker\web\gtas_ug\gtas_ug\images\image015.jpg'
    URL: 'gtas_ug/images/image015.jpg'
   File: 'D:\wxtam\svn\42x\4.2.x_integration\GTAS\HelpMaker\web\gtas_ug\gtas_ug\images\image016.jpg'
    URL: 'gtas_ug/images/image016.jpg'
   File: 'D:\wxtam\svn\42x\4.2.x_integration\GTAS\HelpMaker\web\gtas_ug\gtas_ug\images\image017.jpg'
    URL: 'gtas_ug/images/image017.jpg'
   File: 'D:\wxtam\svn\42x\4.2.x_integration\GTAS\HelpMaker\web\gtas_ug\gtas_ug\images\image018.jpg'
    URL: 'gtas_ug/images/image018.jpg'
   File: 'D:\wxtam\svn\42x\4.2.x_integration\GTAS\HelpMaker\web\gtas_ug\gtas_ug\images\image019.jpg'
    URL: 'gtas_ug/images/image019.jpg'
   File: 'D:\wxtam\svn\42x\4.2.x_integration\GTAS\HelpMaker\web\gtas_ug\gtas_ug\images\image020.jpg'
    URL: 'gtas_ug/images/image020.jpg'
   File: 'D:\wxtam\svn\42x\4.2.x_integration\GTAS\HelpMaker\web\gtas_ug\gtas_ug\images\image021.jpg'
    URL: 'gtas_ug/images/image021.jpg'
   File: 'D:\wxtam\svn\42x\4.2.x_integration\GTAS\HelpMaker\web\gtas_ug\gtas_ug\images\image022.jpg'
    URL: 'gtas_ug/images/image022.jpg'
   File: 'D:\wxtam\svn\42x\4.2.x_integration\GTAS\HelpMaker\web\gtas_ug\gtas_ug\images\image023.jpg'
    URL: 'gtas_ug/images/image023.jpg'
   File: 'D:\wxtam\svn\42x\4.2.x_integration\GTAS\HelpMaker\web\gtas_ug\gtas_ug\images\image024.jpg'
    URL: 'gtas_ug/images/image024.jpg'
   File: 'D:\wxtam\svn\42x\4.2.x_integration\GTAS\HelpMaker\web\gtas_ug\gtas_ug\images\image025.jpg'
    URL: 'gtas_ug/images/image025.jpg'
   File: 'D:\wxtam\svn\42x\4.2.x_integration\GTAS\HelpMaker\web\gtas_ug\gtas_ug\images\image026.jpg'
    URL: 'gtas_ug/images/image026.jpg'
   File: 'D:\wxtam\svn\42x\4.2.x_integration\GTAS\HelpMaker\web\gtas_ug\gtas_ug\images\image027.jpg'
    URL: 'gtas_ug/images/image027.jpg'
   File: 'D:\wxtam\svn\42x\4.2.x_integration\GTAS\HelpMaker\web\gtas_ug\gtas_ug\images\image028.jpg'
    URL: 'gtas_ug/images/image028.jpg'
   File: 'D:\wxtam\svn\42x\4.2.x_integration\GTAS\HelpMaker\web\gtas_ug\gtas_ug\images\image029.jpg'
    URL: 'gtas_ug/images/image029.jpg'
   File: 'D:\wxtam\svn\42x\4.2.x_integration\GTAS\HelpMaker\web\gtas_ug\gtas_ug\images\image030.jpg'
    URL: 'gtas_ug/images/image030.jpg'
   File: 'D:\wxtam\svn\42x\4.2.x_integration\GTAS\HelpMaker\web\gtas_ug\gtas_ug\images\image031.jpg'
    URL: 'gtas_ug/images/image031.jpg'
   File: 'D:\wxtam\svn\42x\4.2.x_integration\GTAS\HelpMaker\web\gtas_ug\gtas_ug\images\image032.jpg'
    URL: 'gtas_ug/images/image032.jpg'
   File: 'D:\wxtam\svn\42x\4.2.x_integration\GTAS\HelpMaker\web\gtas_ug\gtas_ug\images\image033.jpg'
    URL: 'gtas_ug/images/image033.jpg'
   File: 'D:\wxtam\svn\42x\4.2.x_integration\GTAS\HelpMaker\web\gtas_ug\gtas_ug\images\image034.jpg'
    URL: 'gtas_ug/images/image034.jpg'
   File: 'D:\wxtam\svn\42x\4.2.x_integration\GTAS\HelpMaker\web\gtas_ug\gtas_ug\images\image035.jpg'
    URL: 'gtas_ug/images/image035.jpg'
   File: 'D:\wxtam\svn\42x\4.2.x_integration\GTAS\HelpMaker\web\gtas_ug\gtas_ug\images\image036.jpg'
    URL: 'gtas_ug/images/image036.jpg'
   File: 'D:\wxtam\svn\42x\4.2.x_integration\GTAS\HelpMaker\web\gtas_ug\gtas_ug\images\image037.jpg'
    URL: 'gtas_ug/images/image037.jpg'
   File: 'D:\wxtam\svn\42x\4.2.x_integration\GTAS\HelpMaker\web\gtas_ug\gtas_ug\images\image038.jpg'
    URL: 'gtas_ug/images/image038.jpg'
   File: 'D:\wxtam\svn\42x\4.2.x_integration\GTAS\HelpMaker\web\gtas_ug\gtas_ug\images\image039.gif'
    URL: 'gtas_ug/images/image039.gif'
   File: 'D:\wxtam\svn\42x\4.2.x_integration\GTAS\HelpMaker\web\gtas_ug\gtas_ug\images\image040.jpg'
    URL: 'gtas_ug/images/image040.jpg'
   File: 'D:\wxtam\svn\42x\4.2.x_integration\GTAS\HelpMaker\web\gtas_ug\gtas_ug\images\image041.jpg'
    URL: 'gtas_ug/images/image041.jpg'
   File: 'D:\wxtam\svn\42x\4.2.x_integration\GTAS\HelpMaker\web\gtas_ug\gtas_ug\images\image042.gif'
    URL: 'gtas_ug/images/image042.gif'
   File: 'D:\wxtam\svn\42x\4.2.x_integration\GTAS\HelpMaker\web\gtas_ug\gtas_ug\images\image043.jpg'
    URL: 'gtas_ug/images/image043.jpg'
   File: 'D:\wxtam\svn\42x\4.2.x_integration\GTAS\HelpMaker\web\gtas_ug\gtas_ug\images\image044.jpg'
    URL: 'gtas_ug/images/image044.jpg'
   File: 'D:\wxtam\svn\42x\4.2.x_integration\GTAS\HelpMaker\web\gtas_ug\gtas_ug\images\image045.jpg'
    URL: 'gtas_ug/images/image045.jpg'
   File: 'D:\wxtam\svn\42x\4.2.x_integration\GTAS\HelpMaker\web\gtas_ug\gtas_ug\images\image046.jpg'
    URL: 'gtas_ug/images/image046.jpg'
   File: 'D:\wxtam\svn\42x\4.2.x_integration\GTAS\HelpMaker\web\gtas_ug\gtas_ug\images\image047.jpg'
    URL: 'gtas_ug/images/image047.jpg'
   File: 'D:\wxtam\svn\42x\4.2.x_integration\GTAS\HelpMaker\web\gtas_ug\gtas_ug\images\image048.jpg'
    URL: 'gtas_ug/images/image048.jpg'
   File: 'D:\wxtam\svn\42x\4.2.x_integration\GTAS\HelpMaker\web\gtas_ug\gtas_ug\images\image049.jpg'
    URL: 'gtas_ug/images/image049.jpg'
   File: 'D:\wxtam\svn\42x\4.2.x_integration\GTAS\HelpMaker\web\gtas_ug\gtas_ug\images\image050.jpg'
    URL: 'gtas_ug/images/image050.jpg'
   File: 'D:\wxtam\svn\42x\4.2.x_integration\GTAS\HelpMaker\web\gtas_ug\gtas_ug\images\image051.gif'
    URL: 'gtas_ug/images/image051.gif'
   File: 'D:\wxtam\svn\42x\4.2.x_integration\GTAS\HelpMaker\web\gtas_ug\gtas_ug\images\image052.jpg'
    URL: 'gtas_ug/images/image052.jpg'
   File: 'D:\wxtam\svn\42x\4.2.x_integration\GTAS\HelpMaker\web\gtas_ug\gtas_ug\images\image053.jpg'
    URL: 'gtas_ug/images/image053.jpg'
   File: 'D:\wxtam\svn\42x\4.2.x_integration\GTAS\HelpMaker\web\gtas_ug\gtas_ug\images\image054.jpg'
    URL: 'gtas_ug/images/image054.jpg'
   File: 'D:\wxtam\svn\42x\4.2.x_integration\GTAS\HelpMaker\web\gtas_ug\gtas_ug\images\image055.jpg'
    URL: 'gtas_ug/images/image055.jpg'
   File: 'D:\wxtam\svn\42x\4.2.x_integration\GTAS\HelpMaker\web\gtas_ug\gtas_ug\images\image056.jpg'
    URL: 'gtas_ug/images/image056.jpg'
   File: 'D:\wxtam\svn\42x\4.2.x_integration\GTAS\HelpMaker\web\gtas_ug\gtas_ug\images\image057.jpg'
    URL: 'gtas_ug/images/image057.jpg'
   File: 'D:\wxtam\svn\42x\4.2.x_integration\GTAS\HelpMaker\web\gtas_ug\gtas_ug\images\image058.jpg'
    URL: 'gtas_ug/images/image058.jpg'
   File: 'D:\wxtam\svn\42x\4.2.x_integration\GTAS\HelpMaker\web\gtas_ug\gtas_ug\images\image059.jpg'
    URL: 'gtas_ug/images/image059.jpg'
   File: 'D:\wxtam\svn\42x\4.2.x_integration\GTAS\HelpMaker\web\gtas_ug\gtas_ug\images\image060.jpg'
    URL: 'gtas_ug/images/image060.jpg'
   File: 'D:\wxtam\svn\42x\4.2.x_integration\GTAS\HelpMaker\web\gtas_ug\gtas_ug\images\image061.jpg'
    URL: 'gtas_ug/images/image061.jpg'
   File: 'D:\wxtam\svn\42x\4.2.x_integration\GTAS\HelpMaker\web\gtas_ug\gtas_ug\images\image062.jpg'
    URL: 'gtas_ug/images/image062.jpg'
   File: 'D:\wxtam\svn\42x\4.2.x_integration\GTAS\HelpMaker\web\gtas_ug\gtas_ug\images\image063.jpg'
    URL: 'gtas_ug/images/image063.jpg'
   File: 'D:\wxtam\svn\42x\4.2.x_integration\GTAS\HelpMaker\web\gtas_ug\gtas_ug\images\image064.jpg'
    URL: 'gtas_ug/images/image064.jpg'
   File: 'D:\wxtam\svn\42x\4.2.x_integration\GTAS\HelpMaker\web\gtas_ug\gtas_ug\images\image065.jpg'
    URL: 'gtas_ug/images/image065.jpg'
   File: 'D:\wxtam\svn\42x\4.2.x_integration\GTAS\HelpMaker\web\gtas_ug\gtas_ug\images\image066.jpg'
    URL: 'gtas_ug/images/image066.jpg'
   File: 'D:\wxtam\svn\42x\4.2.x_integration\GTAS\HelpMaker\web\gtas_ug\gtas_ug\images\image067.jpg'
    URL: 'gtas_ug/images/image067.jpg'
   File: 'D:\wxtam\svn\42x\4.2.x_integration\GTAS\HelpMaker\web\gtas_ug\gtas_ug\images\image068.jpg'
    URL: 'gtas_ug/images/image068.jpg'
   File: 'D:\wxtam\svn\42x\4.2.x_integration\GTAS\HelpMaker\web\gtas_ug\gtas_ug\images\image069.jpg'
    URL: 'gtas_ug/images/image069.jpg'
   File: 'D:\wxtam\svn\42x\4.2.x_integration\GTAS\HelpMaker\web\gtas_ug\gtas_ug\images\image070.jpg'
    URL: 'gtas_ug/images/image070.jpg'
        Parse time: 0.532 s
[LOG] Finish indexing files
[LOG] Writing TOC file to [D:\wxtam\svn\42x\4.2.x_integration\GTAS\HelpMaker\web\gtas_ug\gtas_ug_TOC.xml]
[LOG] Writing Map file to [D:\wxtam\svn\42x\4.2.x_integration\GTAS\HelpMaker\web\gtas_ug\gtas_ug_MAP.jhm]
[LOG] Writing HelpSet file to [D:\wxtam\svn\42x\4.2.x_integration\GTAS\HelpMaker\web\gtas_ug\gtas_ug_hs.hs]
[LOG] Complete generating HelpSet
