   File: 'D:\wxtam\svn\42x\4.2.x_integration\GTAS\HelpMaker\web\gtas_ag\gtas_ag\1\1.1.htm'
    URL: 'gtas_ag/1/1.1.htm'
   File: 'D:\wxtam\svn\42x\4.2.x_integration\GTAS\HelpMaker\web\gtas_ag\gtas_ag\1\1.2.htm'
    URL: 'gtas_ag/1/1.2.htm'
   File: 'D:\wxtam\svn\42x\4.2.x_integration\GTAS\HelpMaker\web\gtas_ag\gtas_ag\1\1.htm'
    URL: 'gtas_ag/1/1.htm'
   File: 'D:\wxtam\svn\42x\4.2.x_integration\GTAS\HelpMaker\web\gtas_ag\gtas_ag\10\10.1.1.htm'
    URL: 'gtas_ag/10/10.1.1.htm'
   File: 'D:\wxtam\svn\42x\4.2.x_integration\GTAS\HelpMaker\web\gtas_ag\gtas_ag\10\10.1.2.htm'
    URL: 'gtas_ag/10/10.1.2.htm'
   File: 'D:\wxtam\svn\42x\4.2.x_integration\GTAS\HelpMaker\web\gtas_ag\gtas_ag\10\10.1.3.htm'
    URL: 'gtas_ag/10/10.1.3.htm'
   File: 'D:\wxtam\svn\42x\4.2.x_integration\GTAS\HelpMaker\web\gtas_ag\gtas_ag\10\10.1.4.htm'
    URL: 'gtas_ag/10/10.1.4.htm'
   File: 'D:\wxtam\svn\42x\4.2.x_integration\GTAS\HelpMaker\web\gtas_ag\gtas_ag\10\10.1.5.htm'
    URL: 'gtas_ag/10/10.1.5.htm'
   File: 'D:\wxtam\svn\42x\4.2.x_integration\GTAS\HelpMaker\web\gtas_ag\gtas_ag\10\10.1.htm'
    URL: 'gtas_ag/10/10.1.htm'
   File: 'D:\wxtam\svn\42x\4.2.x_integration\GTAS\HelpMaker\web\gtas_ag\gtas_ag\10\10.2.1.htm'
    URL: 'gtas_ag/10/10.2.1.htm'
   File: 'D:\wxtam\svn\42x\4.2.x_integration\GTAS\HelpMaker\web\gtas_ag\gtas_ag\10\10.2.htm'
    URL: 'gtas_ag/10/10.2.htm'
   File: 'D:\wxtam\svn\42x\4.2.x_integration\GTAS\HelpMaker\web\gtas_ag\gtas_ag\10\10.3.1.htm'
    URL: 'gtas_ag/10/10.3.1.htm'
   File: 'D:\wxtam\svn\42x\4.2.x_integration\GTAS\HelpMaker\web\gtas_ag\gtas_ag\10\10.3.htm'
    URL: 'gtas_ag/10/10.3.htm'
   File: 'D:\wxtam\svn\42x\4.2.x_integration\GTAS\HelpMaker\web\gtas_ag\gtas_ag\10\10.htm'
    URL: 'gtas_ag/10/10.htm'
   File: 'D:\wxtam\svn\42x\4.2.x_integration\GTAS\HelpMaker\web\gtas_ag\gtas_ag\11\11.1.1.htm'
    URL: 'gtas_ag/11/11.1.1.htm'
   File: 'D:\wxtam\svn\42x\4.2.x_integration\GTAS\HelpMaker\web\gtas_ag\gtas_ag\11\11.1.htm'
    URL: 'gtas_ag/11/11.1.htm'
   File: 'D:\wxtam\svn\42x\4.2.x_integration\GTAS\HelpMaker\web\gtas_ag\gtas_ag\11\11.2.htm'
    URL: 'gtas_ag/11/11.2.htm'
   File: 'D:\wxtam\svn\42x\4.2.x_integration\GTAS\HelpMaker\web\gtas_ag\gtas_ag\11\11.3.1.htm'
    URL: 'gtas_ag/11/11.3.1.htm'
   File: 'D:\wxtam\svn\42x\4.2.x_integration\GTAS\HelpMaker\web\gtas_ag\gtas_ag\11\11.3.2.htm'
    URL: 'gtas_ag/11/11.3.2.htm'
   File: 'D:\wxtam\svn\42x\4.2.x_integration\GTAS\HelpMaker\web\gtas_ag\gtas_ag\11\11.3.htm'
    URL: 'gtas_ag/11/11.3.htm'
   File: 'D:\wxtam\svn\42x\4.2.x_integration\GTAS\HelpMaker\web\gtas_ag\gtas_ag\11\11.4.1.htm'
    URL: 'gtas_ag/11/11.4.1.htm'
   File: 'D:\wxtam\svn\42x\4.2.x_integration\GTAS\HelpMaker\web\gtas_ag\gtas_ag\11\11.4.2.htm'
    URL: 'gtas_ag/11/11.4.2.htm'
   File: 'D:\wxtam\svn\42x\4.2.x_integration\GTAS\HelpMaker\web\gtas_ag\gtas_ag\11\11.4.htm'
    URL: 'gtas_ag/11/11.4.htm'
   File: 'D:\wxtam\svn\42x\4.2.x_integration\GTAS\HelpMaker\web\gtas_ag\gtas_ag\11\11.htm'
    URL: 'gtas_ag/11/11.htm'
   File: 'D:\wxtam\svn\42x\4.2.x_integration\GTAS\HelpMaker\web\gtas_ag\gtas_ag\12\12.1.1.htm'
    URL: 'gtas_ag/12/12.1.1.htm'
   File: 'D:\wxtam\svn\42x\4.2.x_integration\GTAS\HelpMaker\web\gtas_ag\gtas_ag\12\12.1.2.htm'
    URL: 'gtas_ag/12/12.1.2.htm'
   File: 'D:\wxtam\svn\42x\4.2.x_integration\GTAS\HelpMaker\web\gtas_ag\gtas_ag\12\12.1.3.htm'
    URL: 'gtas_ag/12/12.1.3.htm'
   File: 'D:\wxtam\svn\42x\4.2.x_integration\GTAS\HelpMaker\web\gtas_ag\gtas_ag\12\12.1.4.htm'
    URL: 'gtas_ag/12/12.1.4.htm'
   File: 'D:\wxtam\svn\42x\4.2.x_integration\GTAS\HelpMaker\web\gtas_ag\gtas_ag\12\12.1.5.1.htm'
    URL: 'gtas_ag/12/12.1.5.1.htm'
   File: 'D:\wxtam\svn\42x\4.2.x_integration\GTAS\HelpMaker\web\gtas_ag\gtas_ag\12\12.1.5.2.htm'
    URL: 'gtas_ag/12/12.1.5.2.htm'
   File: 'D:\wxtam\svn\42x\4.2.x_integration\GTAS\HelpMaker\web\gtas_ag\gtas_ag\12\12.1.5.3.htm'
    URL: 'gtas_ag/12/12.1.5.3.htm'
   File: 'D:\wxtam\svn\42x\4.2.x_integration\GTAS\HelpMaker\web\gtas_ag\gtas_ag\12\12.1.5.htm'
    URL: 'gtas_ag/12/12.1.5.htm'
   File: 'D:\wxtam\svn\42x\4.2.x_integration\GTAS\HelpMaker\web\gtas_ag\gtas_ag\12\12.1.6.htm'
    URL: 'gtas_ag/12/12.1.6.htm'
   File: 'D:\wxtam\svn\42x\4.2.x_integration\GTAS\HelpMaker\web\gtas_ag\gtas_ag\12\12.1.htm'
    URL: 'gtas_ag/12/12.1.htm'
   File: 'D:\wxtam\svn\42x\4.2.x_integration\GTAS\HelpMaker\web\gtas_ag\gtas_ag\12\12.htm'
    URL: 'gtas_ag/12/12.htm'
   File: 'D:\wxtam\svn\42x\4.2.x_integration\GTAS\HelpMaker\web\gtas_ag\gtas_ag\13\13.1.htm'
    URL: 'gtas_ag/13/13.1.htm'
   File: 'D:\wxtam\svn\42x\4.2.x_integration\GTAS\HelpMaker\web\gtas_ag\gtas_ag\13\13.2.htm'
    URL: 'gtas_ag/13/13.2.htm'
   File: 'D:\wxtam\svn\42x\4.2.x_integration\GTAS\HelpMaker\web\gtas_ag\gtas_ag\13\13.3.htm'
    URL: 'gtas_ag/13/13.3.htm'
   File: 'D:\wxtam\svn\42x\4.2.x_integration\GTAS\HelpMaker\web\gtas_ag\gtas_ag\13\13.4.htm'
    URL: 'gtas_ag/13/13.4.htm'
   File: 'D:\wxtam\svn\42x\4.2.x_integration\GTAS\HelpMaker\web\gtas_ag\gtas_ag\13\13.htm'
    URL: 'gtas_ag/13/13.htm'
   File: 'D:\wxtam\svn\42x\4.2.x_integration\GTAS\HelpMaker\web\gtas_ag\gtas_ag\14\14.1.htm'
    URL: 'gtas_ag/14/14.1.htm'
   File: 'D:\wxtam\svn\42x\4.2.x_integration\GTAS\HelpMaker\web\gtas_ag\gtas_ag\14\14.2.htm'
    URL: 'gtas_ag/14/14.2.htm'
   File: 'D:\wxtam\svn\42x\4.2.x_integration\GTAS\HelpMaker\web\gtas_ag\gtas_ag\14\14.3.htm'
    URL: 'gtas_ag/14/14.3.htm'
   File: 'D:\wxtam\svn\42x\4.2.x_integration\GTAS\HelpMaker\web\gtas_ag\gtas_ag\14\14.htm'
    URL: 'gtas_ag/14/14.htm'
   File: 'D:\wxtam\svn\42x\4.2.x_integration\GTAS\HelpMaker\web\gtas_ag\gtas_ag\15\15.1.htm'
    URL: 'gtas_ag/15/15.1.htm'
   File: 'D:\wxtam\svn\42x\4.2.x_integration\GTAS\HelpMaker\web\gtas_ag\gtas_ag\15\15.2.htm'
    URL: 'gtas_ag/15/15.2.htm'
   File: 'D:\wxtam\svn\42x\4.2.x_integration\GTAS\HelpMaker\web\gtas_ag\gtas_ag\15\15.htm'
    URL: 'gtas_ag/15/15.htm'
   File: 'D:\wxtam\svn\42x\4.2.x_integration\GTAS\HelpMaker\web\gtas_ag\gtas_ag\16\16.1.1.htm'
    URL: 'gtas_ag/16/16.1.1.htm'
   File: 'D:\wxtam\svn\42x\4.2.x_integration\GTAS\HelpMaker\web\gtas_ag\gtas_ag\16\16.1.2.htm'
    URL: 'gtas_ag/16/16.1.2.htm'
   File: 'D:\wxtam\svn\42x\4.2.x_integration\GTAS\HelpMaker\web\gtas_ag\gtas_ag\16\16.1.3.htm'
    URL: 'gtas_ag/16/16.1.3.htm'
   File: 'D:\wxtam\svn\42x\4.2.x_integration\GTAS\HelpMaker\web\gtas_ag\gtas_ag\16\16.1.4.htm'
    URL: 'gtas_ag/16/16.1.4.htm'
   File: 'D:\wxtam\svn\42x\4.2.x_integration\GTAS\HelpMaker\web\gtas_ag\gtas_ag\16\16.1.5.htm'
    URL: 'gtas_ag/16/16.1.5.htm'
   File: 'D:\wxtam\svn\42x\4.2.x_integration\GTAS\HelpMaker\web\gtas_ag\gtas_ag\16\16.1.htm'
    URL: 'gtas_ag/16/16.1.htm'
   File: 'D:\wxtam\svn\42x\4.2.x_integration\GTAS\HelpMaker\web\gtas_ag\gtas_ag\16\16.2.1.htm'
    URL: 'gtas_ag/16/16.2.1.htm'
   File: 'D:\wxtam\svn\42x\4.2.x_integration\GTAS\HelpMaker\web\gtas_ag\gtas_ag\16\16.2.htm'
    URL: 'gtas_ag/16/16.2.htm'
   File: 'D:\wxtam\svn\42x\4.2.x_integration\GTAS\HelpMaker\web\gtas_ag\gtas_ag\16\16.3.1.htm'
    URL: 'gtas_ag/16/16.3.1.htm'
   File: 'D:\wxtam\svn\42x\4.2.x_integration\GTAS\HelpMaker\web\gtas_ag\gtas_ag\16\16.3.htm'
    URL: 'gtas_ag/16/16.3.htm'
   File: 'D:\wxtam\svn\42x\4.2.x_integration\GTAS\HelpMaker\web\gtas_ag\gtas_ag\16\16.htm'
    URL: 'gtas_ag/16/16.htm'
   File: 'D:\wxtam\svn\42x\4.2.x_integration\GTAS\HelpMaker\web\gtas_ag\gtas_ag\2\2.htm'
    URL: 'gtas_ag/2/2.htm'
   File: 'D:\wxtam\svn\42x\4.2.x_integration\GTAS\HelpMaker\web\gtas_ag\gtas_ag\3\3.1.htm'
    URL: 'gtas_ag/3/3.1.htm'
   File: 'D:\wxtam\svn\42x\4.2.x_integration\GTAS\HelpMaker\web\gtas_ag\gtas_ag\3\3.2.htm'
    URL: 'gtas_ag/3/3.2.htm'
   File: 'D:\wxtam\svn\42x\4.2.x_integration\GTAS\HelpMaker\web\gtas_ag\gtas_ag\3\3.htm'
    URL: 'gtas_ag/3/3.htm'
   File: 'D:\wxtam\svn\42x\4.2.x_integration\GTAS\HelpMaker\web\gtas_ag\gtas_ag\4\4.htm'
    URL: 'gtas_ag/4/4.htm'
   File: 'D:\wxtam\svn\42x\4.2.x_integration\GTAS\HelpMaker\web\gtas_ag\gtas_ag\5\5.1.1.htm'
    URL: 'gtas_ag/5/5.1.1.htm'
   File: 'D:\wxtam\svn\42x\4.2.x_integration\GTAS\HelpMaker\web\gtas_ag\gtas_ag\5\5.1.htm'
    URL: 'gtas_ag/5/5.1.htm'
   File: 'D:\wxtam\svn\42x\4.2.x_integration\GTAS\HelpMaker\web\gtas_ag\gtas_ag\5\5.htm'
    URL: 'gtas_ag/5/5.htm'
   File: 'D:\wxtam\svn\42x\4.2.x_integration\GTAS\HelpMaker\web\gtas_ag\gtas_ag\6\6.1.1.htm'
    URL: 'gtas_ag/6/6.1.1.htm'
   File: 'D:\wxtam\svn\42x\4.2.x_integration\GTAS\HelpMaker\web\gtas_ag\gtas_ag\6\6.1.htm'
    URL: 'gtas_ag/6/6.1.htm'
   File: 'D:\wxtam\svn\42x\4.2.x_integration\GTAS\HelpMaker\web\gtas_ag\gtas_ag\6\6.2.1.htm'
    URL: 'gtas_ag/6/6.2.1.htm'
   File: 'D:\wxtam\svn\42x\4.2.x_integration\GTAS\HelpMaker\web\gtas_ag\gtas_ag\6\6.2.htm'
    URL: 'gtas_ag/6/6.2.htm'
   File: 'D:\wxtam\svn\42x\4.2.x_integration\GTAS\HelpMaker\web\gtas_ag\gtas_ag\6\6.3.1.htm'
    URL: 'gtas_ag/6/6.3.1.htm'
   File: 'D:\wxtam\svn\42x\4.2.x_integration\GTAS\HelpMaker\web\gtas_ag\gtas_ag\6\6.3.2.htm'
    URL: 'gtas_ag/6/6.3.2.htm'
   File: 'D:\wxtam\svn\42x\4.2.x_integration\GTAS\HelpMaker\web\gtas_ag\gtas_ag\6\6.3.3.htm'
    URL: 'gtas_ag/6/6.3.3.htm'
   File: 'D:\wxtam\svn\42x\4.2.x_integration\GTAS\HelpMaker\web\gtas_ag\gtas_ag\6\6.3.htm'
    URL: 'gtas_ag/6/6.3.htm'
   File: 'D:\wxtam\svn\42x\4.2.x_integration\GTAS\HelpMaker\web\gtas_ag\gtas_ag\6\6.4.1.htm'
    URL: 'gtas_ag/6/6.4.1.htm'
   File: 'D:\wxtam\svn\42x\4.2.x_integration\GTAS\HelpMaker\web\gtas_ag\gtas_ag\6\6.4.htm'
    URL: 'gtas_ag/6/6.4.htm'
   File: 'D:\wxtam\svn\42x\4.2.x_integration\GTAS\HelpMaker\web\gtas_ag\gtas_ag\6\6.5.1.htm'
    URL: 'gtas_ag/6/6.5.1.htm'
   File: 'D:\wxtam\svn\42x\4.2.x_integration\GTAS\HelpMaker\web\gtas_ag\gtas_ag\6\6.5.2.htm'
    URL: 'gtas_ag/6/6.5.2.htm'
   File: 'D:\wxtam\svn\42x\4.2.x_integration\GTAS\HelpMaker\web\gtas_ag\gtas_ag\6\6.5.htm'
    URL: 'gtas_ag/6/6.5.htm'
   File: 'D:\wxtam\svn\42x\4.2.x_integration\GTAS\HelpMaker\web\gtas_ag\gtas_ag\6\6.6.1.htm'
    URL: 'gtas_ag/6/6.6.1.htm'
   File: 'D:\wxtam\svn\42x\4.2.x_integration\GTAS\HelpMaker\web\gtas_ag\gtas_ag\6\6.6.2.htm'
    URL: 'gtas_ag/6/6.6.2.htm'
   File: 'D:\wxtam\svn\42x\4.2.x_integration\GTAS\HelpMaker\web\gtas_ag\gtas_ag\6\6.6.3.htm'
    URL: 'gtas_ag/6/6.6.3.htm'
   File: 'D:\wxtam\svn\42x\4.2.x_integration\GTAS\HelpMaker\web\gtas_ag\gtas_ag\6\6.6.4.htm'
    URL: 'gtas_ag/6/6.6.4.htm'
   File: 'D:\wxtam\svn\42x\4.2.x_integration\GTAS\HelpMaker\web\gtas_ag\gtas_ag\6\6.6.5.htm'
    URL: 'gtas_ag/6/6.6.5.htm'
   File: 'D:\wxtam\svn\42x\4.2.x_integration\GTAS\HelpMaker\web\gtas_ag\gtas_ag\6\6.6.6.htm'
    URL: 'gtas_ag/6/6.6.6.htm'
   File: 'D:\wxtam\svn\42x\4.2.x_integration\GTAS\HelpMaker\web\gtas_ag\gtas_ag\6\6.6.htm'
    URL: 'gtas_ag/6/6.6.htm'
   File: 'D:\wxtam\svn\42x\4.2.x_integration\GTAS\HelpMaker\web\gtas_ag\gtas_ag\6\6.7.htm'
    URL: 'gtas_ag/6/6.7.htm'
   File: 'D:\wxtam\svn\42x\4.2.x_integration\GTAS\HelpMaker\web\gtas_ag\gtas_ag\6\6.htm'
    URL: 'gtas_ag/6/6.htm'
   File: 'D:\wxtam\svn\42x\4.2.x_integration\GTAS\HelpMaker\web\gtas_ag\gtas_ag\7\7.1.1.htm'
    URL: 'gtas_ag/7/7.1.1.htm'
   File: 'D:\wxtam\svn\42x\4.2.x_integration\GTAS\HelpMaker\web\gtas_ag\gtas_ag\7\7.1.2.htm'
    URL: 'gtas_ag/7/7.1.2.htm'
   File: 'D:\wxtam\svn\42x\4.2.x_integration\GTAS\HelpMaker\web\gtas_ag\gtas_ag\7\7.1.htm'
    URL: 'gtas_ag/7/7.1.htm'
   File: 'D:\wxtam\svn\42x\4.2.x_integration\GTAS\HelpMaker\web\gtas_ag\gtas_ag\7\7.2.1.htm'
    URL: 'gtas_ag/7/7.2.1.htm'
   File: 'D:\wxtam\svn\42x\4.2.x_integration\GTAS\HelpMaker\web\gtas_ag\gtas_ag\7\7.2.2.htm'
    URL: 'gtas_ag/7/7.2.2.htm'
   File: 'D:\wxtam\svn\42x\4.2.x_integration\GTAS\HelpMaker\web\gtas_ag\gtas_ag\7\7.2.htm'
    URL: 'gtas_ag/7/7.2.htm'
   File: 'D:\wxtam\svn\42x\4.2.x_integration\GTAS\HelpMaker\web\gtas_ag\gtas_ag\7\7.3.1.htm'
    URL: 'gtas_ag/7/7.3.1.htm'
   File: 'D:\wxtam\svn\42x\4.2.x_integration\GTAS\HelpMaker\web\gtas_ag\gtas_ag\7\7.3.2.htm'
    URL: 'gtas_ag/7/7.3.2.htm'
   File: 'D:\wxtam\svn\42x\4.2.x_integration\GTAS\HelpMaker\web\gtas_ag\gtas_ag\7\7.3.htm'
    URL: 'gtas_ag/7/7.3.htm'
   File: 'D:\wxtam\svn\42x\4.2.x_integration\GTAS\HelpMaker\web\gtas_ag\gtas_ag\7\7.4.1.htm'
    URL: 'gtas_ag/7/7.4.1.htm'
   File: 'D:\wxtam\svn\42x\4.2.x_integration\GTAS\HelpMaker\web\gtas_ag\gtas_ag\7\7.4.2.htm'
    URL: 'gtas_ag/7/7.4.2.htm'
   File: 'D:\wxtam\svn\42x\4.2.x_integration\GTAS\HelpMaker\web\gtas_ag\gtas_ag\7\7.4.htm'
    URL: 'gtas_ag/7/7.4.htm'
   File: 'D:\wxtam\svn\42x\4.2.x_integration\GTAS\HelpMaker\web\gtas_ag\gtas_ag\7\7.5.1.htm'
    URL: 'gtas_ag/7/7.5.1.htm'
   File: 'D:\wxtam\svn\42x\4.2.x_integration\GTAS\HelpMaker\web\gtas_ag\gtas_ag\7\7.5.2.htm'
    URL: 'gtas_ag/7/7.5.2.htm'
   File: 'D:\wxtam\svn\42x\4.2.x_integration\GTAS\HelpMaker\web\gtas_ag\gtas_ag\7\7.5.3.htm'
    URL: 'gtas_ag/7/7.5.3.htm'
   File: 'D:\wxtam\svn\42x\4.2.x_integration\GTAS\HelpMaker\web\gtas_ag\gtas_ag\7\7.5.htm'
    URL: 'gtas_ag/7/7.5.htm'
   File: 'D:\wxtam\svn\42x\4.2.x_integration\GTAS\HelpMaker\web\gtas_ag\gtas_ag\7\7.6.htm'
    URL: 'gtas_ag/7/7.6.htm'
   File: 'D:\wxtam\svn\42x\4.2.x_integration\GTAS\HelpMaker\web\gtas_ag\gtas_ag\7\7.7.1.htm'
    URL: 'gtas_ag/7/7.7.1.htm'
   File: 'D:\wxtam\svn\42x\4.2.x_integration\GTAS\HelpMaker\web\gtas_ag\gtas_ag\7\7.7.2.htm'
    URL: 'gtas_ag/7/7.7.2.htm'
   File: 'D:\wxtam\svn\42x\4.2.x_integration\GTAS\HelpMaker\web\gtas_ag\gtas_ag\7\7.7.htm'
    URL: 'gtas_ag/7/7.7.htm'
   File: 'D:\wxtam\svn\42x\4.2.x_integration\GTAS\HelpMaker\web\gtas_ag\gtas_ag\7\7.htm'
    URL: 'gtas_ag/7/7.htm'
   File: 'D:\wxtam\svn\42x\4.2.x_integration\GTAS\HelpMaker\web\gtas_ag\gtas_ag\8\8.1.1.htm'
    URL: 'gtas_ag/8/8.1.1.htm'
   File: 'D:\wxtam\svn\42x\4.2.x_integration\GTAS\HelpMaker\web\gtas_ag\gtas_ag\8\8.1.2.htm'
    URL: 'gtas_ag/8/8.1.2.htm'
   File: 'D:\wxtam\svn\42x\4.2.x_integration\GTAS\HelpMaker\web\gtas_ag\gtas_ag\8\8.1.htm'
    URL: 'gtas_ag/8/8.1.htm'
   File: 'D:\wxtam\svn\42x\4.2.x_integration\GTAS\HelpMaker\web\gtas_ag\gtas_ag\8\8.2.1.htm'
    URL: 'gtas_ag/8/8.2.1.htm'
   File: 'D:\wxtam\svn\42x\4.2.x_integration\GTAS\HelpMaker\web\gtas_ag\gtas_ag\8\8.2.2.htm'
    URL: 'gtas_ag/8/8.2.2.htm'
   File: 'D:\wxtam\svn\42x\4.2.x_integration\GTAS\HelpMaker\web\gtas_ag\gtas_ag\8\8.2.3.htm'
    URL: 'gtas_ag/8/8.2.3.htm'
   File: 'D:\wxtam\svn\42x\4.2.x_integration\GTAS\HelpMaker\web\gtas_ag\gtas_ag\8\8.2.4.htm'
    URL: 'gtas_ag/8/8.2.4.htm'
   File: 'D:\wxtam\svn\42x\4.2.x_integration\GTAS\HelpMaker\web\gtas_ag\gtas_ag\8\8.2.5.htm'
    URL: 'gtas_ag/8/8.2.5.htm'
   File: 'D:\wxtam\svn\42x\4.2.x_integration\GTAS\HelpMaker\web\gtas_ag\gtas_ag\8\8.2.6.htm'
    URL: 'gtas_ag/8/8.2.6.htm'
   File: 'D:\wxtam\svn\42x\4.2.x_integration\GTAS\HelpMaker\web\gtas_ag\gtas_ag\8\8.2.7.htm'
    URL: 'gtas_ag/8/8.2.7.htm'
   File: 'D:\wxtam\svn\42x\4.2.x_integration\GTAS\HelpMaker\web\gtas_ag\gtas_ag\8\8.2.8.htm'
    URL: 'gtas_ag/8/8.2.8.htm'
   File: 'D:\wxtam\svn\42x\4.2.x_integration\GTAS\HelpMaker\web\gtas_ag\gtas_ag\8\8.2.9.htm'
    URL: 'gtas_ag/8/8.2.9.htm'
   File: 'D:\wxtam\svn\42x\4.2.x_integration\GTAS\HelpMaker\web\gtas_ag\gtas_ag\8\8.2.htm'
    URL: 'gtas_ag/8/8.2.htm'
   File: 'D:\wxtam\svn\42x\4.2.x_integration\GTAS\HelpMaker\web\gtas_ag\gtas_ag\8\8.3.1.htm'
    URL: 'gtas_ag/8/8.3.1.htm'
   File: 'D:\wxtam\svn\42x\4.2.x_integration\GTAS\HelpMaker\web\gtas_ag\gtas_ag\8\8.3.2.htm'
    URL: 'gtas_ag/8/8.3.2.htm'
   File: 'D:\wxtam\svn\42x\4.2.x_integration\GTAS\HelpMaker\web\gtas_ag\gtas_ag\8\8.3.htm'
    URL: 'gtas_ag/8/8.3.htm'
   File: 'D:\wxtam\svn\42x\4.2.x_integration\GTAS\HelpMaker\web\gtas_ag\gtas_ag\8\8.4.1.htm'
    URL: 'gtas_ag/8/8.4.1.htm'
   File: 'D:\wxtam\svn\42x\4.2.x_integration\GTAS\HelpMaker\web\gtas_ag\gtas_ag\8\8.4.htm'
    URL: 'gtas_ag/8/8.4.htm'
   File: 'D:\wxtam\svn\42x\4.2.x_integration\GTAS\HelpMaker\web\gtas_ag\gtas_ag\8\8.5.1.htm'
    URL: 'gtas_ag/8/8.5.1.htm'
   File: 'D:\wxtam\svn\42x\4.2.x_integration\GTAS\HelpMaker\web\gtas_ag\gtas_ag\8\8.5.htm'
    URL: 'gtas_ag/8/8.5.htm'
   File: 'D:\wxtam\svn\42x\4.2.x_integration\GTAS\HelpMaker\web\gtas_ag\gtas_ag\8\8.htm'
    URL: 'gtas_ag/8/8.htm'
   File: 'D:\wxtam\svn\42x\4.2.x_integration\GTAS\HelpMaker\web\gtas_ag\gtas_ag\9\9.1.1.htm'
    URL: 'gtas_ag/9/9.1.1.htm'
   File: 'D:\wxtam\svn\42x\4.2.x_integration\GTAS\HelpMaker\web\gtas_ag\gtas_ag\9\9.1.htm'
    URL: 'gtas_ag/9/9.1.htm'
   File: 'D:\wxtam\svn\42x\4.2.x_integration\GTAS\HelpMaker\web\gtas_ag\gtas_ag\9\9.2.1.htm'
    URL: 'gtas_ag/9/9.2.1.htm'
   File: 'D:\wxtam\svn\42x\4.2.x_integration\GTAS\HelpMaker\web\gtas_ag\gtas_ag\9\9.2.2.htm'
    URL: 'gtas_ag/9/9.2.2.htm'
   File: 'D:\wxtam\svn\42x\4.2.x_integration\GTAS\HelpMaker\web\gtas_ag\gtas_ag\9\9.2.3.htm'
    URL: 'gtas_ag/9/9.2.3.htm'
   File: 'D:\wxtam\svn\42x\4.2.x_integration\GTAS\HelpMaker\web\gtas_ag\gtas_ag\9\9.2.4.htm'
    URL: 'gtas_ag/9/9.2.4.htm'
   File: 'D:\wxtam\svn\42x\4.2.x_integration\GTAS\HelpMaker\web\gtas_ag\gtas_ag\9\9.2.htm'
    URL: 'gtas_ag/9/9.2.htm'
   File: 'D:\wxtam\svn\42x\4.2.x_integration\GTAS\HelpMaker\web\gtas_ag\gtas_ag\9\9.3.1.htm'
    URL: 'gtas_ag/9/9.3.1.htm'
   File: 'D:\wxtam\svn\42x\4.2.x_integration\GTAS\HelpMaker\web\gtas_ag\gtas_ag\9\9.3.2.htm'
    URL: 'gtas_ag/9/9.3.2.htm'
   File: 'D:\wxtam\svn\42x\4.2.x_integration\GTAS\HelpMaker\web\gtas_ag\gtas_ag\9\9.3.3.htm'
    URL: 'gtas_ag/9/9.3.3.htm'
   File: 'D:\wxtam\svn\42x\4.2.x_integration\GTAS\HelpMaker\web\gtas_ag\gtas_ag\9\9.3.htm'
    URL: 'gtas_ag/9/9.3.htm'
   File: 'D:\wxtam\svn\42x\4.2.x_integration\GTAS\HelpMaker\web\gtas_ag\gtas_ag\9\9.4.1.htm'
    URL: 'gtas_ag/9/9.4.1.htm'
   File: 'D:\wxtam\svn\42x\4.2.x_integration\GTAS\HelpMaker\web\gtas_ag\gtas_ag\9\9.4.2.htm'
    URL: 'gtas_ag/9/9.4.2.htm'
   File: 'D:\wxtam\svn\42x\4.2.x_integration\GTAS\HelpMaker\web\gtas_ag\gtas_ag\9\9.4.htm'
    URL: 'gtas_ag/9/9.4.htm'
   File: 'D:\wxtam\svn\42x\4.2.x_integration\GTAS\HelpMaker\web\gtas_ag\gtas_ag\9\9.5.1.htm'
    URL: 'gtas_ag/9/9.5.1.htm'
   File: 'D:\wxtam\svn\42x\4.2.x_integration\GTAS\HelpMaker\web\gtas_ag\gtas_ag\9\9.5.htm'
    URL: 'gtas_ag/9/9.5.htm'
   File: 'D:\wxtam\svn\42x\4.2.x_integration\GTAS\HelpMaker\web\gtas_ag\gtas_ag\9\9.6.1.htm'
    URL: 'gtas_ag/9/9.6.1.htm'
   File: 'D:\wxtam\svn\42x\4.2.x_integration\GTAS\HelpMaker\web\gtas_ag\gtas_ag\9\9.6.htm'
    URL: 'gtas_ag/9/9.6.htm'
   File: 'D:\wxtam\svn\42x\4.2.x_integration\GTAS\HelpMaker\web\gtas_ag\gtas_ag\9\9.7.1.htm'
    URL: 'gtas_ag/9/9.7.1.htm'
   File: 'D:\wxtam\svn\42x\4.2.x_integration\GTAS\HelpMaker\web\gtas_ag\gtas_ag\9\9.7.2.htm'
    URL: 'gtas_ag/9/9.7.2.htm'
   File: 'D:\wxtam\svn\42x\4.2.x_integration\GTAS\HelpMaker\web\gtas_ag\gtas_ag\9\9.7.htm'
    URL: 'gtas_ag/9/9.7.htm'
   File: 'D:\wxtam\svn\42x\4.2.x_integration\GTAS\HelpMaker\web\gtas_ag\gtas_ag\9\9.8.1.htm'
    URL: 'gtas_ag/9/9.8.1.htm'
   File: 'D:\wxtam\svn\42x\4.2.x_integration\GTAS\HelpMaker\web\gtas_ag\gtas_ag\9\9.8.htm'
    URL: 'gtas_ag/9/9.8.htm'
   File: 'D:\wxtam\svn\42x\4.2.x_integration\GTAS\HelpMaker\web\gtas_ag\gtas_ag\9\9.9.1.htm'
    URL: 'gtas_ag/9/9.9.1.htm'
   File: 'D:\wxtam\svn\42x\4.2.x_integration\GTAS\HelpMaker\web\gtas_ag\gtas_ag\9\9.9.htm'
    URL: 'gtas_ag/9/9.9.htm'
   File: 'D:\wxtam\svn\42x\4.2.x_integration\GTAS\HelpMaker\web\gtas_ag\gtas_ag\9\9.htm'
    URL: 'gtas_ag/9/9.htm'
   File: 'D:\wxtam\svn\42x\4.2.x_integration\GTAS\HelpMaker\web\gtas_ag\gtas_ag\Appendix\Appendix.htm'
    URL: 'gtas_ag/Appendix/Appendix.htm'
   File: 'D:\wxtam\svn\42x\4.2.x_integration\GTAS\HelpMaker\web\gtas_ag\gtas_ag\Appendix\Default_Email_Message_Templates.htm'
    URL: 'gtas_ag/Appendix/Default_Email_Message_Templates.htm'
   File: 'D:\wxtam\svn\42x\4.2.x_integration\GTAS\HelpMaker\web\gtas_ag\gtas_ag\Appendix\Default_Log_Message_Templates.htm'
    URL: 'gtas_ag/Appendix/Default_Log_Message_Templates.htm'
   File: 'D:\wxtam\svn\42x\4.2.x_integration\GTAS\HelpMaker\web\gtas_ag\gtas_ag\images\image001.jpg'
    URL: 'gtas_ag/images/image001.jpg'
   File: 'D:\wxtam\svn\42x\4.2.x_integration\GTAS\HelpMaker\web\gtas_ag\gtas_ag\images\image002.jpg'
    URL: 'gtas_ag/images/image002.jpg'
   File: 'D:\wxtam\svn\42x\4.2.x_integration\GTAS\HelpMaker\web\gtas_ag\gtas_ag\images\image003.jpg'
    URL: 'gtas_ag/images/image003.jpg'
   File: 'D:\wxtam\svn\42x\4.2.x_integration\GTAS\HelpMaker\web\gtas_ag\gtas_ag\images\image004.jpg'
    URL: 'gtas_ag/images/image004.jpg'
   File: 'D:\wxtam\svn\42x\4.2.x_integration\GTAS\HelpMaker\web\gtas_ag\gtas_ag\images\image005.jpg'
    URL: 'gtas_ag/images/image005.jpg'
   File: 'D:\wxtam\svn\42x\4.2.x_integration\GTAS\HelpMaker\web\gtas_ag\gtas_ag\images\image006.jpg'
    URL: 'gtas_ag/images/image006.jpg'
   File: 'D:\wxtam\svn\42x\4.2.x_integration\GTAS\HelpMaker\web\gtas_ag\gtas_ag\images\image007.jpg'
    URL: 'gtas_ag/images/image007.jpg'
   File: 'D:\wxtam\svn\42x\4.2.x_integration\GTAS\HelpMaker\web\gtas_ag\gtas_ag\images\image008.jpg'
    URL: 'gtas_ag/images/image008.jpg'
   File: 'D:\wxtam\svn\42x\4.2.x_integration\GTAS\HelpMaker\web\gtas_ag\gtas_ag\images\image009.jpg'
    URL: 'gtas_ag/images/image009.jpg'
   File: 'D:\wxtam\svn\42x\4.2.x_integration\GTAS\HelpMaker\web\gtas_ag\gtas_ag\images\image010.jpg'
    URL: 'gtas_ag/images/image010.jpg'
   File: 'D:\wxtam\svn\42x\4.2.x_integration\GTAS\HelpMaker\web\gtas_ag\gtas_ag\images\image011.gif'
    URL: 'gtas_ag/images/image011.gif'
   File: 'D:\wxtam\svn\42x\4.2.x_integration\GTAS\HelpMaker\web\gtas_ag\gtas_ag\images\image012.jpg'
    URL: 'gtas_ag/images/image012.jpg'
   File: 'D:\wxtam\svn\42x\4.2.x_integration\GTAS\HelpMaker\web\gtas_ag\gtas_ag\images\image013.gif'
    URL: 'gtas_ag/images/image013.gif'
   File: 'D:\wxtam\svn\42x\4.2.x_integration\GTAS\HelpMaker\web\gtas_ag\gtas_ag\images\image014.jpg'
    URL: 'gtas_ag/images/image014.jpg'
   File: 'D:\wxtam\svn\42x\4.2.x_integration\GTAS\HelpMaker\web\gtas_ag\gtas_ag\images\image015.jpg'
    URL: 'gtas_ag/images/image015.jpg'
   File: 'D:\wxtam\svn\42x\4.2.x_integration\GTAS\HelpMaker\web\gtas_ag\gtas_ag\images\image016.jpg'
    URL: 'gtas_ag/images/image016.jpg'
   File: 'D:\wxtam\svn\42x\4.2.x_integration\GTAS\HelpMaker\web\gtas_ag\gtas_ag\images\image017.jpg'
    URL: 'gtas_ag/images/image017.jpg'
   File: 'D:\wxtam\svn\42x\4.2.x_integration\GTAS\HelpMaker\web\gtas_ag\gtas_ag\images\image018.jpg'
    URL: 'gtas_ag/images/image018.jpg'
   File: 'D:\wxtam\svn\42x\4.2.x_integration\GTAS\HelpMaker\web\gtas_ag\gtas_ag\images\image019.jpg'
    URL: 'gtas_ag/images/image019.jpg'
   File: 'D:\wxtam\svn\42x\4.2.x_integration\GTAS\HelpMaker\web\gtas_ag\gtas_ag\images\image020.jpg'
    URL: 'gtas_ag/images/image020.jpg'
   File: 'D:\wxtam\svn\42x\4.2.x_integration\GTAS\HelpMaker\web\gtas_ag\gtas_ag\images\image021.jpg'
    URL: 'gtas_ag/images/image021.jpg'
   File: 'D:\wxtam\svn\42x\4.2.x_integration\GTAS\HelpMaker\web\gtas_ag\gtas_ag\images\image022.jpg'
    URL: 'gtas_ag/images/image022.jpg'
   File: 'D:\wxtam\svn\42x\4.2.x_integration\GTAS\HelpMaker\web\gtas_ag\gtas_ag\images\image023.jpg'
    URL: 'gtas_ag/images/image023.jpg'
   File: 'D:\wxtam\svn\42x\4.2.x_integration\GTAS\HelpMaker\web\gtas_ag\gtas_ag\images\image024.jpg'
    URL: 'gtas_ag/images/image024.jpg'
   File: 'D:\wxtam\svn\42x\4.2.x_integration\GTAS\HelpMaker\web\gtas_ag\gtas_ag\images\image025.jpg'
    URL: 'gtas_ag/images/image025.jpg'
   File: 'D:\wxtam\svn\42x\4.2.x_integration\GTAS\HelpMaker\web\gtas_ag\gtas_ag\images\image026.jpg'
    URL: 'gtas_ag/images/image026.jpg'
   File: 'D:\wxtam\svn\42x\4.2.x_integration\GTAS\HelpMaker\web\gtas_ag\gtas_ag\images\image027.jpg'
    URL: 'gtas_ag/images/image027.jpg'
   File: 'D:\wxtam\svn\42x\4.2.x_integration\GTAS\HelpMaker\web\gtas_ag\gtas_ag\images\image028.jpg'
    URL: 'gtas_ag/images/image028.jpg'
   File: 'D:\wxtam\svn\42x\4.2.x_integration\GTAS\HelpMaker\web\gtas_ag\gtas_ag\images\image029.jpg'
    URL: 'gtas_ag/images/image029.jpg'
   File: 'D:\wxtam\svn\42x\4.2.x_integration\GTAS\HelpMaker\web\gtas_ag\gtas_ag\images\image030.jpg'
    URL: 'gtas_ag/images/image030.jpg'
   File: 'D:\wxtam\svn\42x\4.2.x_integration\GTAS\HelpMaker\web\gtas_ag\gtas_ag\images\image031.jpg'
    URL: 'gtas_ag/images/image031.jpg'
   File: 'D:\wxtam\svn\42x\4.2.x_integration\GTAS\HelpMaker\web\gtas_ag\gtas_ag\images\image032.jpg'
    URL: 'gtas_ag/images/image032.jpg'
   File: 'D:\wxtam\svn\42x\4.2.x_integration\GTAS\HelpMaker\web\gtas_ag\gtas_ag\images\image033.gif'
    URL: 'gtas_ag/images/image033.gif'
   File: 'D:\wxtam\svn\42x\4.2.x_integration\GTAS\HelpMaker\web\gtas_ag\gtas_ag\images\image034.gif'
    URL: 'gtas_ag/images/image034.gif'
   File: 'D:\wxtam\svn\42x\4.2.x_integration\GTAS\HelpMaker\web\gtas_ag\gtas_ag\images\image035.jpg'
    URL: 'gtas_ag/images/image035.jpg'
   File: 'D:\wxtam\svn\42x\4.2.x_integration\GTAS\HelpMaker\web\gtas_ag\gtas_ag\images\image036.jpg'
    URL: 'gtas_ag/images/image036.jpg'
   File: 'D:\wxtam\svn\42x\4.2.x_integration\GTAS\HelpMaker\web\gtas_ag\gtas_ag\images\image037.jpg'
    URL: 'gtas_ag/images/image037.jpg'
   File: 'D:\wxtam\svn\42x\4.2.x_integration\GTAS\HelpMaker\web\gtas_ag\gtas_ag\images\image038.jpg'
    URL: 'gtas_ag/images/image038.jpg'
   File: 'D:\wxtam\svn\42x\4.2.x_integration\GTAS\HelpMaker\web\gtas_ag\gtas_ag\images\image039.jpg'
    URL: 'gtas_ag/images/image039.jpg'
   File: 'D:\wxtam\svn\42x\4.2.x_integration\GTAS\HelpMaker\web\gtas_ag\gtas_ag\images\image040.jpg'
    URL: 'gtas_ag/images/image040.jpg'
   File: 'D:\wxtam\svn\42x\4.2.x_integration\GTAS\HelpMaker\web\gtas_ag\gtas_ag\images\image041.jpg'
    URL: 'gtas_ag/images/image041.jpg'
   File: 'D:\wxtam\svn\42x\4.2.x_integration\GTAS\HelpMaker\web\gtas_ag\gtas_ag\images\image042.jpg'
    URL: 'gtas_ag/images/image042.jpg'
   File: 'D:\wxtam\svn\42x\4.2.x_integration\GTAS\HelpMaker\web\gtas_ag\gtas_ag\images\image043.jpg'
    URL: 'gtas_ag/images/image043.jpg'
   File: 'D:\wxtam\svn\42x\4.2.x_integration\GTAS\HelpMaker\web\gtas_ag\gtas_ag\images\image044.jpg'
    URL: 'gtas_ag/images/image044.jpg'
   File: 'D:\wxtam\svn\42x\4.2.x_integration\GTAS\HelpMaker\web\gtas_ag\gtas_ag\images\image045.jpg'
    URL: 'gtas_ag/images/image045.jpg'
   File: 'D:\wxtam\svn\42x\4.2.x_integration\GTAS\HelpMaker\web\gtas_ag\gtas_ag\images\image046.jpg'
    URL: 'gtas_ag/images/image046.jpg'
   File: 'D:\wxtam\svn\42x\4.2.x_integration\GTAS\HelpMaker\web\gtas_ag\gtas_ag\images\image047.jpg'
    URL: 'gtas_ag/images/image047.jpg'
   File: 'D:\wxtam\svn\42x\4.2.x_integration\GTAS\HelpMaker\web\gtas_ag\gtas_ag\images\image048.jpg'
    URL: 'gtas_ag/images/image048.jpg'
   File: 'D:\wxtam\svn\42x\4.2.x_integration\GTAS\HelpMaker\web\gtas_ag\gtas_ag\images\image049.jpg'
    URL: 'gtas_ag/images/image049.jpg'
   File: 'D:\wxtam\svn\42x\4.2.x_integration\GTAS\HelpMaker\web\gtas_ag\gtas_ag\images\image050.jpg'
    URL: 'gtas_ag/images/image050.jpg'
   File: 'D:\wxtam\svn\42x\4.2.x_integration\GTAS\HelpMaker\web\gtas_ag\gtas_ag\images\image051.jpg'
    URL: 'gtas_ag/images/image051.jpg'
   File: 'D:\wxtam\svn\42x\4.2.x_integration\GTAS\HelpMaker\web\gtas_ag\gtas_ag\images\image052.jpg'
    URL: 'gtas_ag/images/image052.jpg'
   File: 'D:\wxtam\svn\42x\4.2.x_integration\GTAS\HelpMaker\web\gtas_ag\gtas_ag\images\image053.jpg'
    URL: 'gtas_ag/images/image053.jpg'
   File: 'D:\wxtam\svn\42x\4.2.x_integration\GTAS\HelpMaker\web\gtas_ag\gtas_ag\images\image054.jpg'
    URL: 'gtas_ag/images/image054.jpg'
   File: 'D:\wxtam\svn\42x\4.2.x_integration\GTAS\HelpMaker\web\gtas_ag\gtas_ag\images\image055.gif'
    URL: 'gtas_ag/images/image055.gif'
   File: 'D:\wxtam\svn\42x\4.2.x_integration\GTAS\HelpMaker\web\gtas_ag\gtas_ag\images\image056.jpg'
    URL: 'gtas_ag/images/image056.jpg'
   File: 'D:\wxtam\svn\42x\4.2.x_integration\GTAS\HelpMaker\web\gtas_ag\gtas_ag\images\image057.jpg'
    URL: 'gtas_ag/images/image057.jpg'
   File: 'D:\wxtam\svn\42x\4.2.x_integration\GTAS\HelpMaker\web\gtas_ag\gtas_ag\images\image058.jpg'
    URL: 'gtas_ag/images/image058.jpg'
   File: 'D:\wxtam\svn\42x\4.2.x_integration\GTAS\HelpMaker\web\gtas_ag\gtas_ag\images\image059.jpg'
    URL: 'gtas_ag/images/image059.jpg'
   File: 'D:\wxtam\svn\42x\4.2.x_integration\GTAS\HelpMaker\web\gtas_ag\gtas_ag\images\image060.jpg'
    URL: 'gtas_ag/images/image060.jpg'
   File: 'D:\wxtam\svn\42x\4.2.x_integration\GTAS\HelpMaker\web\gtas_ag\gtas_ag\images\image061.jpg'
    URL: 'gtas_ag/images/image061.jpg'
   File: 'D:\wxtam\svn\42x\4.2.x_integration\GTAS\HelpMaker\web\gtas_ag\gtas_ag\images\image062.jpg'
    URL: 'gtas_ag/images/image062.jpg'
   File: 'D:\wxtam\svn\42x\4.2.x_integration\GTAS\HelpMaker\web\gtas_ag\gtas_ag\images\image063.jpg'
    URL: 'gtas_ag/images/image063.jpg'
   File: 'D:\wxtam\svn\42x\4.2.x_integration\GTAS\HelpMaker\web\gtas_ag\gtas_ag\images\image064.gif'
    URL: 'gtas_ag/images/image064.gif'
   File: 'D:\wxtam\svn\42x\4.2.x_integration\GTAS\HelpMaker\web\gtas_ag\gtas_ag\images\image065.jpg'
    URL: 'gtas_ag/images/image065.jpg'
   File: 'D:\wxtam\svn\42x\4.2.x_integration\GTAS\HelpMaker\web\gtas_ag\gtas_ag\images\image066.jpg'
    URL: 'gtas_ag/images/image066.jpg'
   File: 'D:\wxtam\svn\42x\4.2.x_integration\GTAS\HelpMaker\web\gtas_ag\gtas_ag\images\image067.jpg'
    URL: 'gtas_ag/images/image067.jpg'
   File: 'D:\wxtam\svn\42x\4.2.x_integration\GTAS\HelpMaker\web\gtas_ag\gtas_ag\images\image068.jpg'
    URL: 'gtas_ag/images/image068.jpg'
   File: 'D:\wxtam\svn\42x\4.2.x_integration\GTAS\HelpMaker\web\gtas_ag\gtas_ag\images\image069.jpg'
    URL: 'gtas_ag/images/image069.jpg'
   File: 'D:\wxtam\svn\42x\4.2.x_integration\GTAS\HelpMaker\web\gtas_ag\gtas_ag\images\image070.jpg'
    URL: 'gtas_ag/images/image070.jpg'
   File: 'D:\wxtam\svn\42x\4.2.x_integration\GTAS\HelpMaker\web\gtas_ag\gtas_ag\images\image071.jpg'
    URL: 'gtas_ag/images/image071.jpg'
   File: 'D:\wxtam\svn\42x\4.2.x_integration\GTAS\HelpMaker\web\gtas_ag\gtas_ag\images\image072.jpg'
    URL: 'gtas_ag/images/image072.jpg'
   File: 'D:\wxtam\svn\42x\4.2.x_integration\GTAS\HelpMaker\web\gtas_ag\gtas_ag\images\image073.jpg'
    URL: 'gtas_ag/images/image073.jpg'
   File: 'D:\wxtam\svn\42x\4.2.x_integration\GTAS\HelpMaker\web\gtas_ag\gtas_ag\images\image074.jpg'
    URL: 'gtas_ag/images/image074.jpg'
   File: 'D:\wxtam\svn\42x\4.2.x_integration\GTAS\HelpMaker\web\gtas_ag\gtas_ag\images\image075.jpg'
    URL: 'gtas_ag/images/image075.jpg'
   File: 'D:\wxtam\svn\42x\4.2.x_integration\GTAS\HelpMaker\web\gtas_ag\gtas_ag\images\image076.jpg'
    URL: 'gtas_ag/images/image076.jpg'
   File: 'D:\wxtam\svn\42x\4.2.x_integration\GTAS\HelpMaker\web\gtas_ag\gtas_ag\images\image077.jpg'
    URL: 'gtas_ag/images/image077.jpg'
   File: 'D:\wxtam\svn\42x\4.2.x_integration\GTAS\HelpMaker\web\gtas_ag\gtas_ag\images\image078.jpg'
    URL: 'gtas_ag/images/image078.jpg'
   File: 'D:\wxtam\svn\42x\4.2.x_integration\GTAS\HelpMaker\web\gtas_ag\gtas_ag\images\image079.jpg'
    URL: 'gtas_ag/images/image079.jpg'
   File: 'D:\wxtam\svn\42x\4.2.x_integration\GTAS\HelpMaker\web\gtas_ag\gtas_ag\images\image080.jpg'
    URL: 'gtas_ag/images/image080.jpg'
   File: 'D:\wxtam\svn\42x\4.2.x_integration\GTAS\HelpMaker\web\gtas_ag\gtas_ag\images\image081.jpg'
    URL: 'gtas_ag/images/image081.jpg'
   File: 'D:\wxtam\svn\42x\4.2.x_integration\GTAS\HelpMaker\web\gtas_ag\gtas_ag\images\image082.gif'
    URL: 'gtas_ag/images/image082.gif'
   File: 'D:\wxtam\svn\42x\4.2.x_integration\GTAS\HelpMaker\web\gtas_ag\gtas_ag\images\image083.gif'
    URL: 'gtas_ag/images/image083.gif'
   File: 'D:\wxtam\svn\42x\4.2.x_integration\GTAS\HelpMaker\web\gtas_ag\gtas_ag\images\image084.jpg'
    URL: 'gtas_ag/images/image084.jpg'
   File: 'D:\wxtam\svn\42x\4.2.x_integration\GTAS\HelpMaker\web\gtas_ag\gtas_ag\images\image085.jpg'
    URL: 'gtas_ag/images/image085.jpg'
   File: 'D:\wxtam\svn\42x\4.2.x_integration\GTAS\HelpMaker\web\gtas_ag\gtas_ag\images\image086.jpg'
    URL: 'gtas_ag/images/image086.jpg'
   File: 'D:\wxtam\svn\42x\4.2.x_integration\GTAS\HelpMaker\web\gtas_ag\gtas_ag\images\image087.jpg'
    URL: 'gtas_ag/images/image087.jpg'
   File: 'D:\wxtam\svn\42x\4.2.x_integration\GTAS\HelpMaker\web\gtas_ag\gtas_ag\images\image088.jpg'
    URL: 'gtas_ag/images/image088.jpg'
   File: 'D:\wxtam\svn\42x\4.2.x_integration\GTAS\HelpMaker\web\gtas_ag\gtas_ag\images\image089.jpg'
    URL: 'gtas_ag/images/image089.jpg'
   File: 'D:\wxtam\svn\42x\4.2.x_integration\GTAS\HelpMaker\web\gtas_ag\gtas_ag\images\image090.jpg'
    URL: 'gtas_ag/images/image090.jpg'
   File: 'D:\wxtam\svn\42x\4.2.x_integration\GTAS\HelpMaker\web\gtas_ag\gtas_ag\images\image091.jpg'
    URL: 'gtas_ag/images/image091.jpg'
   File: 'D:\wxtam\svn\42x\4.2.x_integration\GTAS\HelpMaker\web\gtas_ag\gtas_ag\images\image092.jpg'
    URL: 'gtas_ag/images/image092.jpg'
   File: 'D:\wxtam\svn\42x\4.2.x_integration\GTAS\HelpMaker\web\gtas_ag\gtas_ag\images\image093.jpg'
    URL: 'gtas_ag/images/image093.jpg'
   File: 'D:\wxtam\svn\42x\4.2.x_integration\GTAS\HelpMaker\web\gtas_ag\gtas_ag\images\image094.jpg'
    URL: 'gtas_ag/images/image094.jpg'
   File: 'D:\wxtam\svn\42x\4.2.x_integration\GTAS\HelpMaker\web\gtas_ag\gtas_ag\images\image095.jpg'
    URL: 'gtas_ag/images/image095.jpg'
   File: 'D:\wxtam\svn\42x\4.2.x_integration\GTAS\HelpMaker\web\gtas_ag\gtas_ag\images\image096.jpg'
    URL: 'gtas_ag/images/image096.jpg'
   File: 'D:\wxtam\svn\42x\4.2.x_integration\GTAS\HelpMaker\web\gtas_ag\gtas_ag\images\image097.jpg'
    URL: 'gtas_ag/images/image097.jpg'
   File: 'D:\wxtam\svn\42x\4.2.x_integration\GTAS\HelpMaker\web\gtas_ag\gtas_ag\images\image098.jpg'
    URL: 'gtas_ag/images/image098.jpg'
   File: 'D:\wxtam\svn\42x\4.2.x_integration\GTAS\HelpMaker\web\gtas_ag\gtas_ag\images\image099.jpg'
    URL: 'gtas_ag/images/image099.jpg'
   File: 'D:\wxtam\svn\42x\4.2.x_integration\GTAS\HelpMaker\web\gtas_ag\gtas_ag\images\image100.jpg'
    URL: 'gtas_ag/images/image100.jpg'
   File: 'D:\wxtam\svn\42x\4.2.x_integration\GTAS\HelpMaker\web\gtas_ag\gtas_ag\images\image101.jpg'
    URL: 'gtas_ag/images/image101.jpg'
   File: 'D:\wxtam\svn\42x\4.2.x_integration\GTAS\HelpMaker\web\gtas_ag\gtas_ag\images\image102.jpg'
    URL: 'gtas_ag/images/image102.jpg'
   File: 'D:\wxtam\svn\42x\4.2.x_integration\GTAS\HelpMaker\web\gtas_ag\gtas_ag\images\image103.jpg'
    URL: 'gtas_ag/images/image103.jpg'
   File: 'D:\wxtam\svn\42x\4.2.x_integration\GTAS\HelpMaker\web\gtas_ag\gtas_ag\images\image104.jpg'
    URL: 'gtas_ag/images/image104.jpg'
   File: 'D:\wxtam\svn\42x\4.2.x_integration\GTAS\HelpMaker\web\gtas_ag\gtas_ag\images\image105.jpg'
    URL: 'gtas_ag/images/image105.jpg'
   File: 'D:\wxtam\svn\42x\4.2.x_integration\GTAS\HelpMaker\web\gtas_ag\gtas_ag\images\image106.jpg'
    URL: 'gtas_ag/images/image106.jpg'
   File: 'D:\wxtam\svn\42x\4.2.x_integration\GTAS\HelpMaker\web\gtas_ag\gtas_ag\images\image107.jpg'
    URL: 'gtas_ag/images/image107.jpg'
   File: 'D:\wxtam\svn\42x\4.2.x_integration\GTAS\HelpMaker\web\gtas_ag\gtas_ag\images\image108.jpg'
    URL: 'gtas_ag/images/image108.jpg'
   File: 'D:\wxtam\svn\42x\4.2.x_integration\GTAS\HelpMaker\web\gtas_ag\gtas_ag\images\image109.jpg'
    URL: 'gtas_ag/images/image109.jpg'
   File: 'D:\wxtam\svn\42x\4.2.x_integration\GTAS\HelpMaker\web\gtas_ag\gtas_ag\images\image110.jpg'
    URL: 'gtas_ag/images/image110.jpg'
   File: 'D:\wxtam\svn\42x\4.2.x_integration\GTAS\HelpMaker\web\gtas_ag\gtas_ag\images\image111.jpg'
    URL: 'gtas_ag/images/image111.jpg'
   File: 'D:\wxtam\svn\42x\4.2.x_integration\GTAS\HelpMaker\web\gtas_ag\gtas_ag\images\image112.jpg'
    URL: 'gtas_ag/images/image112.jpg'
   File: 'D:\wxtam\svn\42x\4.2.x_integration\GTAS\HelpMaker\web\gtas_ag\gtas_ag\images\image113.jpg'
    URL: 'gtas_ag/images/image113.jpg'
   File: 'D:\wxtam\svn\42x\4.2.x_integration\GTAS\HelpMaker\web\gtas_ag\gtas_ag\images\image114.jpg'
    URL: 'gtas_ag/images/image114.jpg'
   File: 'D:\wxtam\svn\42x\4.2.x_integration\GTAS\HelpMaker\web\gtas_ag\gtas_ag\images\image115.jpg'
    URL: 'gtas_ag/images/image115.jpg'
   File: 'D:\wxtam\svn\42x\4.2.x_integration\GTAS\HelpMaker\web\gtas_ag\gtas_ag\images\image116.jpg'
    URL: 'gtas_ag/images/image116.jpg'
   File: 'D:\wxtam\svn\42x\4.2.x_integration\GTAS\HelpMaker\web\gtas_ag\gtas_ag\images\image117.jpg'
    URL: 'gtas_ag/images/image117.jpg'
   File: 'D:\wxtam\svn\42x\4.2.x_integration\GTAS\HelpMaker\web\gtas_ag\gtas_ag\images\image118.jpg'
    URL: 'gtas_ag/images/image118.jpg'
   File: 'D:\wxtam\svn\42x\4.2.x_integration\GTAS\HelpMaker\web\gtas_ag\gtas_ag\images\image119.jpg'
    URL: 'gtas_ag/images/image119.jpg'
   File: 'D:\wxtam\svn\42x\4.2.x_integration\GTAS\HelpMaker\web\gtas_ag\gtas_ag\images\image120.jpg'
    URL: 'gtas_ag/images/image120.jpg'
   File: 'D:\wxtam\svn\42x\4.2.x_integration\GTAS\HelpMaker\web\gtas_ag\gtas_ag\images\image121.jpg'
    URL: 'gtas_ag/images/image121.jpg'
   File: 'D:\wxtam\svn\42x\4.2.x_integration\GTAS\HelpMaker\web\gtas_ag\gtas_ag\images\image122.jpg'
    URL: 'gtas_ag/images/image122.jpg'
   File: 'D:\wxtam\svn\42x\4.2.x_integration\GTAS\HelpMaker\web\gtas_ag\gtas_ag\images\image123.jpg'
    URL: 'gtas_ag/images/image123.jpg'
   File: 'D:\wxtam\svn\42x\4.2.x_integration\GTAS\HelpMaker\web\gtas_ag\gtas_ag\images\image124.jpg'
    URL: 'gtas_ag/images/image124.jpg'
   File: 'D:\wxtam\svn\42x\4.2.x_integration\GTAS\HelpMaker\web\gtas_ag\gtas_ag\images\image125.jpg'
    URL: 'gtas_ag/images/image125.jpg'
   File: 'D:\wxtam\svn\42x\4.2.x_integration\GTAS\HelpMaker\web\gtas_ag\gtas_ag\images\image126.jpg'
    URL: 'gtas_ag/images/image126.jpg'
   File: 'D:\wxtam\svn\42x\4.2.x_integration\GTAS\HelpMaker\web\gtas_ag\gtas_ag\images\image127.jpg'
    URL: 'gtas_ag/images/image127.jpg'
   File: 'D:\wxtam\svn\42x\4.2.x_integration\GTAS\HelpMaker\web\gtas_ag\gtas_ag\images\image128.jpg'
    URL: 'gtas_ag/images/image128.jpg'
   File: 'D:\wxtam\svn\42x\4.2.x_integration\GTAS\HelpMaker\web\gtas_ag\gtas_ag\images\image129.jpg'
    URL: 'gtas_ag/images/image129.jpg'
   File: 'D:\wxtam\svn\42x\4.2.x_integration\GTAS\HelpMaker\web\gtas_ag\gtas_ag\images\image130.jpg'
    URL: 'gtas_ag/images/image130.jpg'
   File: 'D:\wxtam\svn\42x\4.2.x_integration\GTAS\HelpMaker\web\gtas_ag\gtas_ag\images\image131.gif'
    URL: 'gtas_ag/images/image131.gif'
   File: 'D:\wxtam\svn\42x\4.2.x_integration\GTAS\HelpMaker\web\gtas_ag\gtas_ag\images\image132.jpg'
    URL: 'gtas_ag/images/image132.jpg'
   File: 'D:\wxtam\svn\42x\4.2.x_integration\GTAS\HelpMaker\web\gtas_ag\gtas_ag\images\image133.jpg'
    URL: 'gtas_ag/images/image133.jpg'
   File: 'D:\wxtam\svn\42x\4.2.x_integration\GTAS\HelpMaker\web\gtas_ag\gtas_ag\images\image134.jpg'
    URL: 'gtas_ag/images/image134.jpg'
   File: 'D:\wxtam\svn\42x\4.2.x_integration\GTAS\HelpMaker\web\gtas_ag\gtas_ag\images\image135.jpg'
    URL: 'gtas_ag/images/image135.jpg'
   File: 'D:\wxtam\svn\42x\4.2.x_integration\GTAS\HelpMaker\web\gtas_ag\gtas_ag\images\image136.jpg'
    URL: 'gtas_ag/images/image136.jpg'
   File: 'D:\wxtam\svn\42x\4.2.x_integration\GTAS\HelpMaker\web\gtas_ag\gtas_ag\images\image137.jpg'
    URL: 'gtas_ag/images/image137.jpg'
   File: 'D:\wxtam\svn\42x\4.2.x_integration\GTAS\HelpMaker\web\gtas_ag\gtas_ag\images\image138.gif'
    URL: 'gtas_ag/images/image138.gif'
   File: 'D:\wxtam\svn\42x\4.2.x_integration\GTAS\HelpMaker\web\gtas_ag\gtas_ag\images\image139.jpg'
    URL: 'gtas_ag/images/image139.jpg'
   File: 'D:\wxtam\svn\42x\4.2.x_integration\GTAS\HelpMaker\web\gtas_ag\gtas_ag\images\image140.jpg'
    URL: 'gtas_ag/images/image140.jpg'
   File: 'D:\wxtam\svn\42x\4.2.x_integration\GTAS\HelpMaker\web\gtas_ag\gtas_ag\images\image141.gif'
    URL: 'gtas_ag/images/image141.gif'
   File: 'D:\wxtam\svn\42x\4.2.x_integration\GTAS\HelpMaker\web\gtas_ag\gtas_ag\images\image142.gif'
    URL: 'gtas_ag/images/image142.gif'
   File: 'D:\wxtam\svn\42x\4.2.x_integration\GTAS\HelpMaker\web\gtas_ag\gtas_ag\images\image143.gif'
    URL: 'gtas_ag/images/image143.gif'
   File: 'D:\wxtam\svn\42x\4.2.x_integration\GTAS\HelpMaker\web\gtas_ag\gtas_ag\images\image144.gif'
    URL: 'gtas_ag/images/image144.gif'
   File: 'D:\wxtam\svn\42x\4.2.x_integration\GTAS\HelpMaker\web\gtas_ag\gtas_ag\images\image145.gif'
    URL: 'gtas_ag/images/image145.gif'
   File: 'D:\wxtam\svn\42x\4.2.x_integration\GTAS\HelpMaker\web\gtas_ag\gtas_ag\images\image146.gif'
    URL: 'gtas_ag/images/image146.gif'
   File: 'D:\wxtam\svn\42x\4.2.x_integration\GTAS\HelpMaker\web\gtas_ag\gtas_ag\images\image147.gif'
    URL: 'gtas_ag/images/image147.gif'
   File: 'D:\wxtam\svn\42x\4.2.x_integration\GTAS\HelpMaker\web\gtas_ag\gtas_ag\images\image148.jpg'
    URL: 'gtas_ag/images/image148.jpg'
   File: 'D:\wxtam\svn\42x\4.2.x_integration\GTAS\HelpMaker\web\gtas_ag\gtas_ag\images\image149.jpg'
    URL: 'gtas_ag/images/image149.jpg'
   File: 'D:\wxtam\svn\42x\4.2.x_integration\GTAS\HelpMaker\web\gtas_ag\gtas_ag\images\image150.jpg'
    URL: 'gtas_ag/images/image150.jpg'
   File: 'D:\wxtam\svn\42x\4.2.x_integration\GTAS\HelpMaker\web\gtas_ag\gtas_ag\images\image151.jpg'
    URL: 'gtas_ag/images/image151.jpg'
   File: 'D:\wxtam\svn\42x\4.2.x_integration\GTAS\HelpMaker\web\gtas_ag\gtas_ag\images\image152.jpg'
    URL: 'gtas_ag/images/image152.jpg'
   File: 'D:\wxtam\svn\42x\4.2.x_integration\GTAS\HelpMaker\web\gtas_ag\gtas_ag\images\image153.gif'
    URL: 'gtas_ag/images/image153.gif'
   File: 'D:\wxtam\svn\42x\4.2.x_integration\GTAS\HelpMaker\web\gtas_ag\gtas_ag\images\image154.jpg'
    URL: 'gtas_ag/images/image154.jpg'
   File: 'D:\wxtam\svn\42x\4.2.x_integration\GTAS\HelpMaker\web\gtas_ag\gtas_ag\images\image155.jpg'
    URL: 'gtas_ag/images/image155.jpg'
   File: 'D:\wxtam\svn\42x\4.2.x_integration\GTAS\HelpMaker\web\gtas_ag\gtas_ag\images\image156.jpg'
    URL: 'gtas_ag/images/image156.jpg'
   File: 'D:\wxtam\svn\42x\4.2.x_integration\GTAS\HelpMaker\web\gtas_ag\gtas_ag\images\image157.jpg'
    URL: 'gtas_ag/images/image157.jpg'
   File: 'D:\wxtam\svn\42x\4.2.x_integration\GTAS\HelpMaker\web\gtas_ag\gtas_ag\images\image158.jpg'
    URL: 'gtas_ag/images/image158.jpg'
   File: 'D:\wxtam\svn\42x\4.2.x_integration\GTAS\HelpMaker\web\gtas_ag\gtas_ag\images\image159.gif'
    URL: 'gtas_ag/images/image159.gif'
   File: 'D:\wxtam\svn\42x\4.2.x_integration\GTAS\HelpMaker\web\gtas_ag\gtas_ag\images\image160.jpg'
    URL: 'gtas_ag/images/image160.jpg'
   File: 'D:\wxtam\svn\42x\4.2.x_integration\GTAS\HelpMaker\web\gtas_ag\gtas_ag\images\image161.jpg'
    URL: 'gtas_ag/images/image161.jpg'
   File: 'D:\wxtam\svn\42x\4.2.x_integration\GTAS\HelpMaker\web\gtas_ag\gtas_ag\images\image162.jpg'
    URL: 'gtas_ag/images/image162.jpg'
   File: 'D:\wxtam\svn\42x\4.2.x_integration\GTAS\HelpMaker\web\gtas_ag\gtas_ag\images\image163.jpg'
    URL: 'gtas_ag/images/image163.jpg'
   File: 'D:\wxtam\svn\42x\4.2.x_integration\GTAS\HelpMaker\web\gtas_ag\gtas_ag\images\image164.jpg'
    URL: 'gtas_ag/images/image164.jpg'
   File: 'D:\wxtam\svn\42x\4.2.x_integration\GTAS\HelpMaker\web\gtas_ag\gtas_ag\images\image165.jpg'
    URL: 'gtas_ag/images/image165.jpg'
   File: 'D:\wxtam\svn\42x\4.2.x_integration\GTAS\HelpMaker\web\gtas_ag\gtas_ag\images\image166.jpg'
    URL: 'gtas_ag/images/image166.jpg'
   File: 'D:\wxtam\svn\42x\4.2.x_integration\GTAS\HelpMaker\web\gtas_ag\gtas_ag\images\image167.jpg'
    URL: 'gtas_ag/images/image167.jpg'
   File: 'D:\wxtam\svn\42x\4.2.x_integration\GTAS\HelpMaker\web\gtas_ag\gtas_ag\images\image168.jpg'
    URL: 'gtas_ag/images/image168.jpg'
   File: 'D:\wxtam\svn\42x\4.2.x_integration\GTAS\HelpMaker\web\gtas_ag\gtas_ag\images\image169.jpg'
    URL: 'gtas_ag/images/image169.jpg'
   File: 'D:\wxtam\svn\42x\4.2.x_integration\GTAS\HelpMaker\web\gtas_ag\gtas_ag\images\image170.jpg'
    URL: 'gtas_ag/images/image170.jpg'
   File: 'D:\wxtam\svn\42x\4.2.x_integration\GTAS\HelpMaker\web\gtas_ag\gtas_ag\images\image171.gif'
    URL: 'gtas_ag/images/image171.gif'
   File: 'D:\wxtam\svn\42x\4.2.x_integration\GTAS\HelpMaker\web\gtas_ag\gtas_ag\images\image172.gif'
    URL: 'gtas_ag/images/image172.gif'
   File: 'D:\wxtam\svn\42x\4.2.x_integration\GTAS\HelpMaker\web\gtas_ag\gtas_ag\images\image173.jpg'
    URL: 'gtas_ag/images/image173.jpg'
   File: 'D:\wxtam\svn\42x\4.2.x_integration\GTAS\HelpMaker\web\gtas_ag\gtas_ag\images\image174.jpg'
    URL: 'gtas_ag/images/image174.jpg'
   File: 'D:\wxtam\svn\42x\4.2.x_integration\GTAS\HelpMaker\web\gtas_ag\gtas_ag\images\image175.jpg'
    URL: 'gtas_ag/images/image175.jpg'
   File: 'D:\wxtam\svn\42x\4.2.x_integration\GTAS\HelpMaker\web\gtas_ag\gtas_ag\images\image176.jpg'
    URL: 'gtas_ag/images/image176.jpg'
   File: 'D:\wxtam\svn\42x\4.2.x_integration\GTAS\HelpMaker\web\gtas_ag\gtas_ag\images\image177.gif'
    URL: 'gtas_ag/images/image177.gif'
   File: 'D:\wxtam\svn\42x\4.2.x_integration\GTAS\HelpMaker\web\gtas_ag\gtas_ag\images\image178.jpg'
    URL: 'gtas_ag/images/image178.jpg'
   File: 'D:\wxtam\svn\42x\4.2.x_integration\GTAS\HelpMaker\web\gtas_ag\gtas_ag\images\image179.jpg'
    URL: 'gtas_ag/images/image179.jpg'
   File: 'D:\wxtam\svn\42x\4.2.x_integration\GTAS\HelpMaker\web\gtas_ag\gtas_ag\images\image180.jpg'
    URL: 'gtas_ag/images/image180.jpg'
   File: 'D:\wxtam\svn\42x\4.2.x_integration\GTAS\HelpMaker\web\gtas_ag\gtas_ag\images\image181.jpg'
    URL: 'gtas_ag/images/image181.jpg'
   File: 'D:\wxtam\svn\42x\4.2.x_integration\GTAS\HelpMaker\web\gtas_ag\gtas_ag\images\image182.jpg'
    URL: 'gtas_ag/images/image182.jpg'
   File: 'D:\wxtam\svn\42x\4.2.x_integration\GTAS\HelpMaker\web\gtas_ag\gtas_ag\images\image183.jpg'
    URL: 'gtas_ag/images/image183.jpg'
   File: 'D:\wxtam\svn\42x\4.2.x_integration\GTAS\HelpMaker\web\gtas_ag\gtas_ag\images\image184.jpg'
    URL: 'gtas_ag/images/image184.jpg'
   File: 'D:\wxtam\svn\42x\4.2.x_integration\GTAS\HelpMaker\web\gtas_ag\gtas_ag\images\image185.jpg'
    URL: 'gtas_ag/images/image185.jpg'
   File: 'D:\wxtam\svn\42x\4.2.x_integration\GTAS\HelpMaker\web\gtas_ag\gtas_ag\images\image186.jpg'
    URL: 'gtas_ag/images/image186.jpg'
   File: 'D:\wxtam\svn\42x\4.2.x_integration\GTAS\HelpMaker\web\gtas_ag\gtas_ag\images\image187.jpg'
    URL: 'gtas_ag/images/image187.jpg'
   File: 'D:\wxtam\svn\42x\4.2.x_integration\GTAS\HelpMaker\web\gtas_ag\gtas_ag\images\image188.gif'
    URL: 'gtas_ag/images/image188.gif'
   File: 'D:\wxtam\svn\42x\4.2.x_integration\GTAS\HelpMaker\web\gtas_ag\gtas_ag\images\image189.jpg'
    URL: 'gtas_ag/images/image189.jpg'
   File: 'D:\wxtam\svn\42x\4.2.x_integration\GTAS\HelpMaker\web\gtas_ag\gtas_ag\images\image190.jpg'
    URL: 'gtas_ag/images/image190.jpg'
   File: 'D:\wxtam\svn\42x\4.2.x_integration\GTAS\HelpMaker\web\gtas_ag\gtas_ag\images\image191.jpg'
    URL: 'gtas_ag/images/image191.jpg'
   File: 'D:\wxtam\svn\42x\4.2.x_integration\GTAS\HelpMaker\web\gtas_ag\gtas_ag\images\image192.jpg'
    URL: 'gtas_ag/images/image192.jpg'
   File: 'D:\wxtam\svn\42x\4.2.x_integration\GTAS\HelpMaker\web\gtas_ag\gtas_ag\images\image193.jpg'
    URL: 'gtas_ag/images/image193.jpg'
   File: 'D:\wxtam\svn\42x\4.2.x_integration\GTAS\HelpMaker\web\gtas_ag\gtas_ag\images\image194.jpg'
    URL: 'gtas_ag/images/image194.jpg'
   File: 'D:\wxtam\svn\42x\4.2.x_integration\GTAS\HelpMaker\web\gtas_ag\gtas_ag\images\image195.jpg'
    URL: 'gtas_ag/images/image195.jpg'
   File: 'D:\wxtam\svn\42x\4.2.x_integration\GTAS\HelpMaker\web\gtas_ag\gtas_ag\images\image196.jpg'
    URL: 'gtas_ag/images/image196.jpg'
   File: 'D:\wxtam\svn\42x\4.2.x_integration\GTAS\HelpMaker\web\gtas_ag\gtas_ag\images\image197.jpg'
    URL: 'gtas_ag/images/image197.jpg'
   File: 'D:\wxtam\svn\42x\4.2.x_integration\GTAS\HelpMaker\web\gtas_ag\gtas_ag\images\image198.jpg'
    URL: 'gtas_ag/images/image198.jpg'
   File: 'D:\wxtam\svn\42x\4.2.x_integration\GTAS\HelpMaker\web\gtas_ag\gtas_ag\images\image199.gif'
    URL: 'gtas_ag/images/image199.gif'
   File: 'D:\wxtam\svn\42x\4.2.x_integration\GTAS\HelpMaker\web\gtas_ag\gtas_ag\images\image200.jpg'
    URL: 'gtas_ag/images/image200.jpg'
   File: 'D:\wxtam\svn\42x\4.2.x_integration\GTAS\HelpMaker\web\gtas_ag\gtas_ag\images\image201.jpg'
    URL: 'gtas_ag/images/image201.jpg'
   File: 'D:\wxtam\svn\42x\4.2.x_integration\GTAS\HelpMaker\web\gtas_ag\gtas_ag\images\image202.jpg'
    URL: 'gtas_ag/images/image202.jpg'
   File: 'D:\wxtam\svn\42x\4.2.x_integration\GTAS\HelpMaker\web\gtas_ag\gtas_ag\images\image203.jpg'
    URL: 'gtas_ag/images/image203.jpg'
   File: 'D:\wxtam\svn\42x\4.2.x_integration\GTAS\HelpMaker\web\gtas_ag\gtas_ag\images\image204.jpg'
    URL: 'gtas_ag/images/image204.jpg'
   File: 'D:\wxtam\svn\42x\4.2.x_integration\GTAS\HelpMaker\web\gtas_ag\gtas_ag\images\image205.gif'
    URL: 'gtas_ag/images/image205.gif'
   File: 'D:\wxtam\svn\42x\4.2.x_integration\GTAS\HelpMaker\web\gtas_ag\gtas_ag\images\image206.jpg'
    URL: 'gtas_ag/images/image206.jpg'
   File: 'D:\wxtam\svn\42x\4.2.x_integration\GTAS\HelpMaker\web\gtas_ag\gtas_ag\images\image207.jpg'
    URL: 'gtas_ag/images/image207.jpg'
   File: 'D:\wxtam\svn\42x\4.2.x_integration\GTAS\HelpMaker\web\gtas_ag\gtas_ag\images\image208.jpg'
    URL: 'gtas_ag/images/image208.jpg'
   File: 'D:\wxtam\svn\42x\4.2.x_integration\GTAS\HelpMaker\web\gtas_ag\gtas_ag\images\image209.jpg'
    URL: 'gtas_ag/images/image209.jpg'
   File: 'D:\wxtam\svn\42x\4.2.x_integration\GTAS\HelpMaker\web\gtas_ag\gtas_ag\images\image210.jpg'
    URL: 'gtas_ag/images/image210.jpg'
   File: 'D:\wxtam\svn\42x\4.2.x_integration\GTAS\HelpMaker\web\gtas_ag\gtas_ag\images\image211.jpg'
    URL: 'gtas_ag/images/image211.jpg'
   File: 'D:\wxtam\svn\42x\4.2.x_integration\GTAS\HelpMaker\web\gtas_ag\gtas_ag\images\image212.jpg'
    URL: 'gtas_ag/images/image212.jpg'
   File: 'D:\wxtam\svn\42x\4.2.x_integration\GTAS\HelpMaker\web\gtas_ag\gtas_ag\images\image213.jpg'
    URL: 'gtas_ag/images/image213.jpg'
   File: 'D:\wxtam\svn\42x\4.2.x_integration\GTAS\HelpMaker\web\gtas_ag\gtas_ag\images\image214.jpg'
    URL: 'gtas_ag/images/image214.jpg'
   File: 'D:\wxtam\svn\42x\4.2.x_integration\GTAS\HelpMaker\web\gtas_ag\gtas_ag\images\image215.jpg'
    URL: 'gtas_ag/images/image215.jpg'
   File: 'D:\wxtam\svn\42x\4.2.x_integration\GTAS\HelpMaker\web\gtas_ag\gtas_ag\images\image216.jpg'
    URL: 'gtas_ag/images/image216.jpg'
   File: 'D:\wxtam\svn\42x\4.2.x_integration\GTAS\HelpMaker\web\gtas_ag\gtas_ag\images\image217.jpg'
    URL: 'gtas_ag/images/image217.jpg'
   File: 'D:\wxtam\svn\42x\4.2.x_integration\GTAS\HelpMaker\web\gtas_ag\gtas_ag\images\image218.jpg'
    URL: 'gtas_ag/images/image218.jpg'
   File: 'D:\wxtam\svn\42x\4.2.x_integration\GTAS\HelpMaker\web\gtas_ag\gtas_ag\images\image219.jpg'
    URL: 'gtas_ag/images/image219.jpg'
   File: 'D:\wxtam\svn\42x\4.2.x_integration\GTAS\HelpMaker\web\gtas_ag\gtas_ag\images\image220.jpg'
    URL: 'gtas_ag/images/image220.jpg'
   File: 'D:\wxtam\svn\42x\4.2.x_integration\GTAS\HelpMaker\web\gtas_ag\gtas_ag\images\image221.jpg'
    URL: 'gtas_ag/images/image221.jpg'
        Parse time: 1.515 s
[LOG] Finish indexing files
java.io.FileNotFoundException: ..\images\chapTopic.gif (The system cannot find the path specified)
	at java.io.FileInputStream.open(Native Method)
	at java.io.FileInputStream.<init>(Unknown Source)
	at com.gridnode.helpmaker.Utilities.copy(Utilities.java:71)
	at com.gridnode.helpmaker.HtmlReader.copyImages(HtmlReader.java:558)
	at com.gridnode.helpmaker.HtmlReader.split(HtmlReader.java:125)
	at com.gridnode.helpmaker.HelpMaker.main(HelpMaker.java:61)
[LOG] ..\images\chapTopic.gif (The system cannot find the path specified)
java.io.FileNotFoundException: ..\images\openbook.gif (The system cannot find the path specified)
	at java.io.FileInputStream.open(Native Method)
	at java.io.FileInputStream.<init>(Unknown Source)
	at com.gridnode.helpmaker.Utilities.copy(Utilities.java:71)
	at com.gridnode.helpmaker.HtmlReader.copyImages(HtmlReader.java:558)
	at com.gridnode.helpmaker.HtmlReader.split(HtmlReader.java:125)
	at com.gridnode.helpmaker.HelpMaker.main(HelpMaker.java:61)
[LOG] ..\images\openbook.gif (The system cannot find the path specified)
java.io.FileNotFoundException: ..\images\topic.gif (The system cannot find the path specified)
	at java.io.FileInputStream.open(Native Method)
	at java.io.FileInputStream.<init>(Unknown Source)
	at com.gridnode.helpmaker.Utilities.copy(Utilities.java:71)
	at com.gridnode.helpmaker.HtmlReader.copyImages(HtmlReader.java:558)
	at com.gridnode.helpmaker.HtmlReader.split(HtmlReader.java:125)
	at com.gridnode.helpmaker.HelpMaker.main(HelpMaker.java:61)
[LOG] ..\images\topic.gif (The system cannot find the path specified)
[LOG] Writing TOC file to [D:\wxtam\svn\42x\4.2.x_integration\GTAS\HelpMaker\web\gtas_ag\gtas_ag_TOC.xml]
[LOG] Writing Map file to [D:\wxtam\svn\42x\4.2.x_integration\GTAS\HelpMaker\web\gtas_ag\gtas_ag_MAP.jhm]
[LOG] Writing HelpSet file to [D:\wxtam\svn\42x\4.2.x_integration\GTAS\HelpMaker\web\gtas_ag\gtas_ag_hs.hs]
[LOG] Complete generating HelpSet
